1	1
0.974423	1.09248
1.03515	1.07968
0.991681	1.05638
0.966111	1.04786
0.871994	0.98295
0.93015	0.996017
0.869309	1.08551
0.894333	1.02463
0.847732	1.02346
0.811314	0.973317
0.830479	0.955128
0.765181	0.921811
0.790697	0.962846
0.815482	0.96264
0.904492	0.870254
0.928761	0.839481
0.901582	0.889201
0.862757	0.959759
0.881874	0.971119
0.805779	0.97211
0.802559	0.8962
0.738049	0.904448
0.7339	0.902868
0.695064	0.930284
0.654957	0.867509
0.635805	0.877198
0.585738	0.809467
0.568307	0.803704
0.650528	0.846089
0.653394	0.749868
0.576478	0.80278
0.529779	0.708477
0.585691	0.720236
0.615587	0.674222
0.524535	0.752692
0.444798	0.797803
0.432114	0.72715
0.478192	0.707624
0.464682	0.662597
0.369252	0.756233
0.398079	0.739885
0.378708	0.798849
0.344237	0.718862
0.402592	0.793573
0.500663	0.842982
0.506269	0.74975
0.446014	0.721191
0.39071	0.675709
0.296001	0.743001
0.286425	0.645704
0.336837	0.632615
0.33591	0.67891
0.325445	0.648256
0.248	0.733046
0.155287	0.765435
0.0572699	0.687952
0.0998655	0.659025
0.0856754	0.682607
0.169192	0.692815
0.180475	0.628377
0.250392	0.661492
0.251723	0.646009
0.323641	0.655933
0.304506	0.625754
0.389101	0.631734
0.385938	0.555161
0.448065	0.499511
0.485418	0.562435
0.467029	0.606167
0.418339	0.603975
0.324492	0.537049
0.230667	0.580601
0.186834	0.677438
0.267095	0.641635
0.316449	0.714591
0.330593	0.673469
0.422453	0.683086
0.433417	0.600082
0.513828	0.513413
0.587535	0.478743
0.584942	0.411927
0.632808	0.418762
0.616355	0.439878
0.5421	0.416754
0.468799	0.416068
0.55284	0.402314
0.573551	0.42225
0.594774	0.434781
0.649524	0.476397
0.655974	0.561817
0.659004	0.650302
0.634023	0.613979
0.714439	0.53388
0.731013	0.489603
0.721047	0.436841
0.83159	0.477271
0.826857	0.464093
0.818578	0.572458
0.716293	0.567862
0.622057	0.68602
0.636821	0.670183
0.750811	0.770769
0.687679	0.706424
0.793692	0.690117
0.87051	0.649613
0.973614	0.679853
0.866897	0.588455
0.900705	0.603013
0.905929	0.670244
0.872593	0.741467
0.807603	0.721452
0.914144	0.627945
0.921583	0.661712
0.817595	0.747458
0.752728	0.732204
0.848093	0.63259
0.849901	0.521847
0.87121	0.500939
0.81573	0.557244
0.930718	0.551329
0.847146	0.602569
0.783012	0.535588
0.873292	0.475813
0.961839	0.456805
1.07464	0.403397
1.13372	0.423696
1.19832	0.330143
1.1073	0.391895
1.20216	0.282728
1.11911	0.352673
1.15585	0.440577
1.14739	0.340488
1.07071	0.36758
1.13154	0.270438
1.08199	0.350259
1.09687	0.396529
0.991469	0.43163
1.10712	0.453471
1.08692	0.348147
1.01247	0.435003
1.11606	0.402212
1.00965	0.462017
1.11975	0.544952
1.06538	0.463959
0.953597	0.484699
0.893241	0.500977
0.834432	0.428354
0.764085	0.518904
0.790922	0.591432
0.823916	0.537772
0.915705	0.44572
1.01088	0.54494
1.03598	0.653197
1.13778	0.549813
1.16994	0.442278
1.28864	0.468215
1.36786	0.499087
1.35447	0.558228
1.34952	0.643649
1.34374	0.597849
1.37929	0.512178
1.27595	0.615741
1.32611	0.552827
1.34496	0.65195
1.40421	0.608246
1.46909	0.669523
1.56723	0.553493
1.49522	0.617369
1.49131	0.562696
1.54482	0.557123
1.47564	0.486241
1.4754	0.514635
1.39885	0.58648
1.32905	0.51785
1.33057	0.47196
1.24456	0.551305
1.20363	0.431009
1.15879	0.3746
1.10324	0.311307
1.21087	0.30494
1.2245	0.276928
1.21394	0.374362
1.28746	0.452454
1.37575	0.56781
1.35771	0.655042
1.24275	0.636048
1.30149	0.772347
1.18461	0.909117
1.20289	0.870893
1.17556	0.96331
1.11585	0.817544
1.0975	0.81163
0.972142	0.926147
0.892149	0.859176
0.937215	0.96991
0.973846	0.977695
0.983709	1.07063
1.08706	1.02061
1.14724	0.970555
1.12651	0.919429
1.03514	1.0488
1.055	1.03816
1.01533	1.03228
1.08879	1.03623
1.08193	1.00379
1.19243	0.879955
1.31121	0.885548
1.25278	0.841476
1.11988	0.786277
0.987159	0.86531
0.883952	0.809747
0.990607	0.933505
1.02643	0.788682
1.06316	0.666711
1.02106	0.702183
1.05634	0.608754
1.08347	0.653627
1.08196	0.677266
1.07776	0.553084
0.982505	0.443681
1.08623	0.416637
1.00313	0.312611
0.983245	0.352941
0.960013	0.374655
0.866498	0.26214
0.834645	0.398831
0.862266	0.459557
0.759987	0.485252
0.668935	0.41155
0.767202	0.457774
0.643987	0.594373
0.769816	0.471233
0.748284	0.530164
0.838926	0.526498
0.912615	0.517164
1.03547	0.600946
1.01338	0.655953
1.01031	0.741073
1.06407	0.818179
1.14401	0.673352
1.1392	0.658244
1.0415	0.590842
1.13132	0.565321
1.03273	0.533475
1.13	0.661097
1.07576	0.599719
0.941169	0.600239
1.04195	0.73539
1.13405	0.628229
1.03181	0.741871
1.0537	0.75852
1.08624	0.805052
1.20176	0.675047
1.12928	0.795023
1.01382	0.796077
0.921981	0.659768
0.957651	0.533049
0.828303	0.448359
0.730786	0.534634
0.798901	0.621545
0.676446	0.683337
0.674348	0.718876
0.702146	0.680646
0.639947	0.75315
0.523053	0.927628
0.573247	0.934797
0.634701	1.10593
0.480253	1.09469
0.476984	1.01592
0.319338	1.00721
0.163283	1.06575
0.151234	1.10356
0.0861996	0.945564
0.121898	0.771562
0.179529	0.605697
0.0281866	0.660127
0.0890471	0.798784
0.121449	0.758116
0.0954042	0.815378
0.0229311	0.978815
0.0841837	1.13389
0.254782	1.04755
0.250099	1.20827
0.24603	1.27707
0.100801	1.26643
0.202987	1.3937
0.0853749	1.52414
0.0751764	1.49877
0.165299	1.52263
0.275247	1.61429
0.345728	1.49095
0.254299	1.41211
0.166832	1.35563
0.316841	1.24783
0.190859	1.29712
0.017451	1.13069
0.190154	0.976711
0.0352706	0.991983
-0.141116	0.851399
-0.158931	0.900822
-0.166306	1.03828
-0.249969	1.11305
-0.418268	1.2368
-0.491052	1.15964
-0.328183	1.26372
-0.223711	1.25246
-0.206956	1.13169
-0.163993	0.994395
-0.28729	1.11735
-0.174301	1.1106
-0.266518	1.2643
-0.30982	1.20515
-0.366459	1.26744
-0.501266	1.16653
-0.344999	1.02693
-0.283682	1.11306
-0.314943	0.965511
-0.336112	1.12093
-0.351435	1.13487
-0.256474	1.07785
-0.119286	0.91702
-0.2044	1.08276
-0.302	1.00267
-0.189946	0.865642
-0.0513596	0.72804
-0.224102	0.71001
-0.125288	0.671052
-0.0184228	0.60669
0.111761	0.659527
0.14207	0.741637
-0.013717	0.892469
0.0493017	0.745718
0.0108827	0.633894
0.0691143	0.645256
0.147778	0.568976
0.27624	0.603593
0.357505	0.663691
0.48819	0.580834
0.442321	0.696842
0.43738	0.697733
0.386626	0.86338
0.441874	0.686403
0.349576	0.755166
0.362846	0.908517
0.239589	1.05955
0.398947	1.15067
0.370558	1.12796
0.204211	1.15264
0.0694541	1.09324
0.122024	0.973823
0.232464	0.830642
0.316643	0.974419
0.456978	1.03369
0.337586	1.08844
0.23839	0.9618
0.429898	1.08242
0.246585	0.904308
0.110011	0.765507
0.233131	0.702826
0.27027	0.874766
0.258625	1.04648
0.470244	0.987754
0.41735	0.826582
0.448867	0.930886
0.236237	0.75639
0.280396	0.614911
0.157906	0.460787
0.171054	0.444457
0.277479	0.555736
0.09009	0.377534
-0.0210808	0.47438
-0.0854569	0.442274
-0.0550215	0.349626
0.0682559	0.382369
0.278702	0.577935
0.0971111	0.522192
-0.032673	0.671254
0.137809	0.847203
0.318196	1.00941
0.42515	1.11467
0.616923	0.997049
0.682507	0.862281
0.602466	1.03521
0.679221	0.9651
0.758164	0.977562
0.589693	0.957675
0.6287	0.801479
0.529649	0.817315
0.606481	0.88032
0.553528	0.784426
0.635675	0.605486
0.820619	0.515593
0.634287	0.465349
0.592377	0.470006
0.491125	0.585163
0.598828	0.685067
0.806461	0.603646
0.595323	0.592575
0.575433	0.515891
0.677536	0.686751
0.556694	0.781757
0.530482	0.935291
0.620229	1.03144
0.426115	1.06161
0.347862	1.07905
0.344296	1.21345
0.379482	1.33077
0.212762	1.25607
0.144267	1.17207
0.356351	1.32132
0.538425	1.25069
0.325089	1.32366
0.533166	1.47372
0.327349	1.40096
0.151476	1.33596
0.141013	1.2387
0.125946	1.3506
0.0964743	1.43574
0.273907	1.25084
0.403185	1.13783
0.464531	1.09304
0.597815	0.966298
0.432061	0.872102
0.340463	1.02007
0.545954	1.03353
0.568399	0.944587
0.690648	0.763359
0.699354	0.599426
0.727452	0.721958
0.736485	0.56616
0.666293	0.633023
0.569717	0.542095
0.47066	0.358058
0.671471	0.396269
0.717558	0.535136
0.569116	0.72338
0.733782	0.617493
0.773322	0.519108
0.619525	0.613193
0.647376	0.475452
0.651075	0.580194
0.783919	0.595688
0.832838	0.533503
0.59172	0.695379
0.813464	0.797361
0.605044	0.818424
0.590674	0.957559
0.795791	1.15605
0.786091	1.31349
0.541453	1.32583
0.66442	1.09933
0.772845	0.872106
0.753199	0.675037
0.883677	0.550992
1.10587	0.576484
1.24023	0.690279
1.09551	0.802146
1.20995	0.78576
1.10448	0.628734
1.12539	0.708573
1.20152	0.755835
1.15695	0.656968
1.28734	0.584068
1.16069	0.525049
1.1182	0.662936
1.11886	0.733868
1.19011	0.491116
1.36055	0.489006
1.27128	0.421802
1.30991	0.598026
1.08831	0.735726
0.888104	0.508008
1.02777	0.756833
1.2692	0.526381
1.11985	0.444425
1.16021	0.472889
0.916488	0.444095
0.73405	0.616765
0.968954	0.736954
1.06951	0.6061
1.06868	0.852485
0.843511	0.764415
0.966232	0.972024
0.771964	0.813153
0.687716	0.558098
0.567306	0.552742
0.601092	0.564013
0.673066	0.615143
0.504319	0.859926
0.716914	1.09105
0.679227	1.18826
0.772416	1.29343
0.747426	1.23588
0.846653	1.13933
0.697894	1.11519
0.688457	1.03434
0.892226	0.999435
0.688715	0.853484
0.584856	0.715815
0.60377	0.534175
0.70592	0.63096
0.524046	0.413867
0.5265	0.500763
0.355859	0.604487
0.367208	0.596556
0.58363	0.576625
0.563102	0.602733
0.391186	0.406036
0.297341	0.280197
0.281313	0.355952
0.307882	0.309156
0.266995	0.539236
0.0837591	0.733668
0.342737	0.903226
0.459886	1.08691
0.639877	1.02211
0.908877	1.31836
0.630437	1.00869
0.318479	0.69849
0.556461	0.48529
0.448884	0.588156
0.392615	0.683321
0.402807	0.383505
0.171227	0.575543
-0.013115	0.59275
-0.110998	0.575073
-0.392741	0.435738
-0.446376	0.464868
-0.5082	0.702683
-0.310859	0.87496
-0.591342	0.655961
-0.817345	0.647579
-0.656352	0.793334
-0.650037	0.492104
-0.491274	0.661475
-0.437893	0.873607
-0.263594	1.10809
-0.271882	0.810874
-0.286718	0.927457
-0.178	0.782182
0.0299662	1.01309
0.281778	1.00382
-0.0299104	0.695899
0.0927007	0.705687
0.0872518	0.914983
0.195442	0.935774
0.0884842	1.16663
-0.214632	1.09423
-0.486077	1.21203
-0.414392	1.36611
-0.519211	1.12356
-0.687854	1.27911
-0.816622	1.16665
-0.617533	1.29343
-0.643429	1.33138
-0.399874	1.13658
-0.290334	0.943431
-0.287202	0.630291
-0.563221	0.831909
-0.56107	0.889772
-0.762421	0.845648
-0.684341	0.71865
-0.97997	0.870669
-1.12471	0.962827
-0.88768	0.773275
-0.800682	0.699235
-0.830431	0.764063
-0.945186	0.69939
-0.861474	0.860512
-0.731965	1.009
-0.595674	0.945
-0.865484	0.684023
-1.10616	0.64245
-0.893152	0.743873
-0.768577	0.754801
-0.70684	0.636848
-0.704039	0.830705
-0.516311	0.901369
-0.525527	0.810599
-0.264301	1.09487
-0.522392	1.04582
-0.4284	0.892662
-0.7312	0.821673
-1.02479	0.72267
-1.26968	0.624936
-1.08039	0.854658
-1.01334	0.794384
-0.755049	0.939443
-0.73558	0.895738
-0.543762	0.637006
-0.762472	0.59081
-0.763742	0.273806
-1.00059	0.349736
-1.3637	0.503871
-1.37795	0.199092
-1.3272	0.348553
-0.962906	0.335696
-1.13897	0.52949
-1.156	0.708237
-0.897094	0.761797
-0.680041	0.940012
-0.493676	0.829352
-0.673033	0.478716
-0.735284	0.662347
-0.403474	0.634383
-0.27925	0.691976
-0.614344	0.691501
-0.932753	0.526323
-1.06352	0.548492
-1.13758	0.513708
-1.29252	0.764039
-0.975522	0.94684
-0.641333	0.672606
-0.302514	0.539655
-0.0499512	0.639945
-0.281181	0.676891
0.0943705	0.618861
0.025851	0.917922
-0.304915	0.583106
0.0183163	0.815784
0.119823	0.928926
0.0527626	1.11228
0.0336898	1.01079
0.186044	0.776897
0.288274	0.86939
0.247682	1.10903
0.522047	0.941524
0.495511	1.05579
0.199099	0.772721
0.0605853	0.92502
0.0967161	0.700592
0.296497	0.643913
0.660429	0.505076
0.548971	0.841419
0.357655	1.1173
0.704463	0.919108
0.653183	0.699303
0.778095	0.496342
0.874003	0.409506
1.14248	0.739567
0.895928	0.744735
0.852266	0.606643
0.857328	0.924354
1.13189	0.77446
1.21883	0.536138
0.933893	0.39087
0.967234	0.580313
0.923458	0.560041
0.871467	0.518887
1.21725	0.769984
1.13629	0.735118
0.831514	0.547903
0.645537	0.838881
0.273523	0.618861
0.174234	0.827935
0.553253	0.612246
0.529272	0.660871
0.646414	0.48391
0.60828	0.480685
0.540374	0.555154
0.671757	0.663998
0.954572	1.00599
0.897917	0.667876
0.701397	0.86535
0.641605	0.82561
0.487463	1.08565
0.496762	1.20667
0.410776	1.07289
0.725557	0.869123
0.932234	0.937568
0.629737	0.745777
0.396937	0.830226
0.40635	0.9748
0.627613	1.31855
0.693788	1.19405
0.356529	1.34667
0.260025	1.34272
0.573961	1.18015
0.237811	0.868095
-0.0238828	0.740247
0.305993	0.557753
0.592931	0.55872
0.612457	0.6385
0.401183	0.879111
0.0799527	1.24149
-0.271886	1.32448
-0.646849	1.42128
-0.97837	1.20736
-0.721758	1.40664
-0.4682	1.32941
-0.432277	0.955063
-0.775197	0.711012
-0.815699	0.920606
-1.06953	0.749996
-0.847699	0.933506
-0.965976	0.554139
-1.06769	0.622402
-0.853064	0.410937
-1.1601	0.598474
-0.807748	0.6491
-0.705478	0.462607
-0.393858	0.597586
-0.0773924	0.67078
-0.00157338	1.00498
-0.0478965	0.912475
0.235094	1.11554
0.00109129	0.753201
0.148285	1.02797
0.268359	1.11817
0.203472	1.35224
-0.0853217	1.32989
-0.101247	0.959913
0.228086	0.965009
-0.111384	0.886449
-0.00240665	0.540833
0.0869028	0.535644
-0.0106156	0.718809
0.155464	0.47234
0.403455	0.526415
0.0889617	0.548308
0.279999	0.572463
0.250814	0.769012
0.280677	1.00799
0.540595	1.00138
0.890188	0.955806
0.721243	0.619081
1.0791	0.680526
1.1122	0.340577
1.3559	0.651055
1.2436	0.80247
1.02289	0.51607
0.993651	0.632174
1.09467	0.713718
0.790006	0.581635
1.05725	0.888669
0.759434	0.864706
0.972887	0.726195
0.74299	0.889241
0.384737	0.670722
0.570105	0.690119
0.767846	0.859275
0.844066	0.593345
0.976741	0.661682
0.6951	0.431158
0.494983	0.786526
0.608628	0.66383
0.596832	0.663618
0.547572	0.673379
0.618763	0.600222
0.644225	0.744103
1.002	0.754672
1.1755	0.717954
0.906921	0.542059
0.660083	0.416945
0.696777	0.45108
0.914795	0.532453
0.892769	0.62572
0.707087	0.906288
0.876774	0.743252
0.757837	0.48139
0.710718	0.616748
0.949088	0.50234
0.999448	0.460889
1.06153	0.692905
0.695358	0.531
0.640453	0.439852
0.908876	0.552244
0.928896	0.605461
0.790863	0.483564
0.693522	0.477951
0.859474	0.644414
1.14428	0.823527
0.99216	0.905501
0.878639	0.721882
0.688253	0.888346
1.03051	0.716417
0.883716	0.799203
0.759134	0.636864
0.614097	0.634528
0.74128	0.802801
0.445346	0.635739
0.777435	0.815321
0.520861	0.603133
0.522099	0.425044
0.602535	0.658909
0.704355	0.677946
0.666394	0.969637
0.857475	0.787489
0.810116	0.654041
0.567659	0.905471
0.34105	0.844651
0.235253	1.09638
0.256074	1.00086
0.0719528	0.709878
-0.126691	0.660673
-0.186007	0.604519
-0.165159	0.724297
-0.408176	0.944828
-0.425491	0.955019
-0.1179	0.761323
0.20147	0.766404
0.408222	0.913007
0.785586	0.892252
0.451878	0.978938
0.220046	0.771824
0.0419944	1.11137
0.366832	0.782031
0.486518	0.949535
0.561457	0.889795
0.846851	0.710295
0.721412	0.960574
0.365229	0.647281
0.348291	0.723293
0.657274	0.435925
0.998104	0.545389
1.14194	0.488963
0.790432	0.842353
0.972248	0.532135
0.856811	0.901223
0.725081	0.93527
0.773616	0.601968
0.463487	0.623021
0.120878	0.958771
-0.251414	0.9961
-0.515387	0.907876
-0.288394	1.06909
-0.210077	0.800012
-0.471421	0.983994
-0.0921564	0.617536
-0.458317	0.954708
-0.65827	0.967906
-0.982611	0.853732
-0.868353	0.898281
-0.727241	0.538943
-0.710323	0.694277
-0.537402	0.925943
-0.384693	1.23318
-0.0117559	0.988639
-0.0941272	0.899342
-0.215185	0.824803
-0.064608	1.10695
0.0173757	0.795925
0.200623	0.79125
0.32811	0.907133
0.384458	0.80761
0.410696	0.925393
0.764351	0.744331
1.03771	0.497117
1.13508	0.715687
0.904534	0.863364
1.06092	0.818843
0.725843	0.750876
0.826905	0.784105
1.14945	0.656052
0.902827	0.965767
0.590619	0.65551
0.626611	0.624861
0.592257	0.773814
0.429081	0.779131
0.384812	0.766303
0.0246371	0.907068
-0.273117	0.990041
-0.188582	0.872502
-0.437354	0.676188
-0.515306	0.915606
-0.308489	0.747949
-0.347071	0.997739
-0.613089	0.835587
-0.464614	1.11308
-0.204434	0.815597
0.0922532	0.952809
0.462292	0.688986
0.568628	0.736939
0.613822	0.721398
0.9553	0.550995
1.1331	0.580954
1.10668	0.478096
0.951101	0.475403
0.802942	0.398272
0.948806	0.632655
0.953597	0.682991
0.640835	0.654115
0.618303	0.629342
0.780959	0.809036
0.654022	0.755209
0.528603	0.923871
0.647324	0.546416
0.49264	0.503436
0.793939	0.852301
0.79011	0.488472
0.875472	0.48117
0.528493	0.498133
0.684795	0.862797
0.782473	0.71951
0.785912	0.469811
0.457225	0.761184
0.533618	0.632549
0.460252	0.791042
0.236762	0.642479
0.433451	0.899029
0.301374	1.19463
0.0441835	1.17422
-0.299703	0.860677
-0.455596	1.17918
-0.127986	1.00286
0.00809182	0.96319
0.125382	0.808622
-0.15005	0.787977
0.0348395	0.751554
-0.105438	0.995522
0.182209	0.728965
0.491145	0.721359
0.726291	0.759839
0.357545	0.597603
0.178554	0.852713
-0.0772214	0.771816
0.295585	1.04351
0.155626	0.700776
0.419942	0.714623
0.38275	1.00002
0.673338	0.883946
1.03551	0.80654
1.08493	0.428201
1.02378	0.512311
0.707881	0.449629
0.83683	0.514553
0.92679	0.880049
1.00889	0.590293
0.919703	0.599074
0.779185	0.480813
0.501826	0.797622
0.271054	0.651361
0.208412	0.807389
0.0269505	1.03768
0.129903	1.07624
0.365404	0.860654
0.517707	1.03605
0.205049	1.24123
0.333677	1.40416
0.563268	1.14581
0.498951	1.26368
0.500148	1.19732
0.199603	1.10752
0.529928	1.17407
0.18279	1.01842
-0.156127	0.958378
-0.100607	0.897057
-0.0540258	0.612978
-0.236937	0.847544
-0.0432503	1.06536
-0.35275	1.21684
-0.59566	1.45216
-0.583867	1.26589
-0.27992	1.0962
-0.421541	1.21175
-0.496666	0.853132
-0.527748	0.611889
-0.423576	0.537122
-0.209701	0.913053
-0.16412	1.17439
-0.477965	0.87245
-0.605845	0.670718
-0.86135	0.762432
-0.751223	1.06139
-0.84667	0.905486
-0.773466	1.10441
-0.616557	1.38182
-0.490953	1.07046
-0.599728	0.768741
-0.404222	0.395504
-0.32406	0.51666
-0.126597	0.492293
0.154748	0.687328
0.500101	0.564049
0.769905	0.465445
0.554544	0.496434
0.70697	0.629131
0.910169	0.759415
0.782235	1.0099
0.642908	1.08326
0.737674	0.761857
0.546906	0.579504
0.361455	0.897418
0.247246	0.964402
0.0318439	0.887035
-0.194061	0.849465
0.114358	1.19232
-0.160814	1.16224
-0.1441	1.01601
-0.116879	0.97278
-0.206175	0.911923
-0.329396	0.748015
-0.390309	0.590792
-0.380781	0.577472
-0.455859	0.745767
-0.442346	0.476656
-0.449253	0.417142
-0.134852	0.417295
-0.362544	0.703803
-0.558431	0.639004
-0.858558	0.51504
-0.501793	0.406474
-0.733161	0.622811
-1.00849	0.521543
-0.849822	0.842705
-0.843852	0.782371
-0.580773	0.818823
-0.620246	0.887059
-0.744655	0.920591
-0.59483	1.1359
-0.574631	1.25941
-0.442903	1.34571
-0.115068	1.40814
0.0347746	1.08458
0.399127	0.741588
0.712947	0.99746
0.613191	0.733009
0.742335	0.652116
1.11432	0.448434
0.859232	0.47034
0.88042	0.661222
0.605916	0.505022
0.98472	0.619087
0.881358	0.498006
1.1322	0.576287
0.881385	0.911708
0.592348	0.958197
0.405363	0.713538
0.360513	1.02588
0.156197	1.25938
0.0910717	1.14491
0.00322247	1.13552
-0.354993	1.28424
-0.34446	1.57909
-0.557833	1.34976
-0.694615	1.14576
-0.724671	1.10912
-0.404425	0.743969
-0.715783	0.420604
-0.735083	0.780402
-0.599593	0.508748
-0.3593	0.469616
-0.0953714	0.742495
-0.323213	0.912128
-0.0614613	1.10864
-0.401126	0.995054
-0.548382	0.78968
-0.818974	0.427159
-1.08833	0.765518
-1.10693	0.529896
-0.809782	0.769423
-0.870017	0.751059
-0.852386	0.904953
-0.903059	0.884981
-0.586967	1.05249
-0.654284	1.32257
-0.798607	1.27854
-0.486605	1.31294
-0.266746	1.30812
-0.0376379	1.11818
-0.181188	1.14248
-0.139917	1.28915
0.201055	1.48892
0.415434	1.45318
0.0661956	1.35434
0.344829	1.17493
0.216548	1.1151
0.261021	1.00302
0.336926	0.922261
0.247474	0.85738
0.218717	0.718762
0.324883	1.08042
-0.00576214	0.935756
0.216813	1.01214
-0.0237901	1.11736
0.0932724	1.17154
-0.100746	0.944255
-0.292035	0.917558
-0.337485	1.09412
-0.166645	1.22135
0.14233	0.939163
0.471952	0.891191
0.812029	1.14641
0.754682	1.18481
0.757879	0.888531
0.595788	0.924044
0.353837	1.11504
0.671904	0.952356
0.683178	0.60026
0.628707	0.702247
0.98947	0.576459
0.665069	0.488952
0.772156	0.700547
0.774601	0.812294
0.793851	1.04843
0.976543	0.825157
0.733492	1.00554
0.472419	0.804125
0.445928	1.0512
0.28479	1.16037
-0.0634045	1.25834
0.091352	1.04335
-0.112135	0.99988
-0.303603	0.969049
-0.157509	1.19059
0.119286	0.82392
0.0560648	0.676978
0.425392	0.808227
0.796952	0.45883
0.60343	0.805717
0.598333	0.586526
0.440328	0.70505
0.739312	0.432075
0.583743	0.66966
0.771487	0.734959
0.445789	0.646576
0.366195	0.908988
0.499271	1.02573
0.54007	0.889116
0.593543	1.07711
0.834682	1.09328
0.519292	0.935224
0.677131	0.619416
0.633634	0.781645
0.795595	0.829168
0.802527	0.771666
1.08815	0.468744
0.897191	0.512894
0.576045	0.608153
0.499339	0.50598
0.366167	0.606156
0.400004	0.824154
0.252179	0.817159
0.474085	1.06938
0.118142	0.988877
0.0993856	0.719526
0.182455	0.890786
0.477195	0.867628
0.358526	0.580354
0.0245481	0.85622
0.238783	0.818438
0.229001	1.04807
-0.118616	1.33611
-0.332956	1.33684
-0.374475	1.12544
-0.186602	0.851346
-0.424957	0.746327
-0.647043	0.562244
-0.949505	0.74356
-1.19263	0.502838
-0.967047	0.456017
-0.877198	0.59731
-0.633035	0.599163
-0.899086	0.841813
-1.1086	0.669541
-0.97521	0.650955
-0.671652	0.757323
-1.00153	0.935394
-0.91436	0.826314
-0.601999	0.557671
-0.5967	0.653547
-0.390516	0.736897
-0.0268083	1.09263
-0.392568	0.867049
-0.404564	0.658417
-0.658591	0.877355
-0.771915	0.646039
-0.609354	0.740087
-0.619178	0.735158
-0.742567	0.64083
-0.874811	0.404493
-1.04815	0.441967
-0.771965	0.481853
-0.705652	0.809642
-0.964089	0.765865
-0.837227	0.58087
-0.942382	0.388551
-0.944665	0.665508
-0.911783	0.536889
-0.72603	0.643499
-0.874593	0.451948
-0.873302	0.547366
-0.888629	0.50502
-0.562718	0.874141
-0.581707	1.02782
-0.324528	1.22253
-0.188933	1.17109
-0.552917	0.957291
-0.634518	1.28261
-0.436148	1.05385
-0.241796	1.16845
-0.246366	1.32826
-0.614069	1.20609
-0.500124	0.898678
-0.288467	0.837403
-0.24146	0.986348
-0.502578	0.71154
-0.814833	0.598738
-0.716856	0.739156
-0.46132	0.98885
-0.10273	1.08196
-0.257412	1.387
-0.418636	1.24594
-0.458679	1.14188
-0.234109	1.13974
-0.143645	1.40594
-0.484831	1.18219
-0.707996	1.33566
-0.406493	1.23206
-0.678816	1.22142
-0.680109	0.976516
-0.56098	1.10233
-0.632433	1.23819
-0.328159	0.870081
-0.491071	0.947891
-0.693341	0.772784
-0.653775	0.898998
-0.883113	1.21914
-0.86221	1.11054
-0.810782	1.17533
-0.707951	1.12562
-0.571615	0.834059
-0.606245	0.849706
-0.484824	0.748074
-0.273348	1.0372
-0.619322	0.861526
-0.350863	0.636735
-0.161467	0.906005
0.193908	1.18834
0.442107	1.09648
0.43326	1.21742
0.665124	0.936857
0.670636	1.02146
0.548956	0.731613
0.290278	0.628105
0.433446	0.8616
0.0904175	0.925145
-0.151852	0.835691
-0.117608	1.21174
-0.341665	0.900112
-0.321028	0.691837
-0.0656442	0.414465
0.187942	0.608524
0.510246	0.841249
0.207031	0.628369
-0.119701	0.534052
-0.363284	0.629249
-0.491063	0.968237
-0.711965	0.870616
-0.443276	0.784384
-0.395953	0.964659
-0.211122	0.87363
-0.313823	1.19988
-0.0775805	1.06725
-0.0641166	0.797856
-0.154438	0.745722
-0.488447	1.11224
-0.327185	0.797283
-0.55568	1.05746
-0.679866	0.960544
-0.675716	0.844311
-0.384414	0.820889
-0.429234	0.743251
-0.347943	1.11936
0.0168466	1.18705
0.287045	1.22355
0.275241	1.10874
0.447187	0.989092
0.227334	0.857236
0.235412	1.13079
0.177048	1.05896
0.31062	1.25416
0.0925808	1.43922
0.406786	1.40007
0.258072	1.32429
0.481897	1.08291
0.144398	0.825805
0.271659	1.15638
0.351043	1.18681
0.153616	1.15169
0.416252	0.810733
0.503449	1.16313
0.13439	1.09421
-0.191222	0.955868
-0.457484	0.746065
-0.463189	0.408056
-0.45269	0.55293
-0.41114	0.778646
-0.299518	0.560293
-0.453732	0.723911
-0.234818	0.577295
-0.279674	0.837777
0.0285373	0.933487
0.360992	1.24131
0.187531	1.39324
0.359961	1.0475
0.552306	0.783102
0.794594	0.905052
1.07428	0.771149
0.985617	0.587921
1.18929	0.519632
1.20094	0.450104
0.890739	0.4955
0.577665	0.81744
0.545715	0.70928
0.367066	1.03936
0.674285	0.879971
0.596464	1.21895
0.224873	1.36171
0.364411	1.28316
0.155493	0.935161
-0.149733	0.930415
-0.47175	0.626598
-0.675796	0.665755
-0.801566	0.520214
-0.977374	0.384632
-0.620341	0.59122
-0.448726	0.934879
-0.0791023	1.01415
0.0229541	1.03866
0.206002	1.11435
-0.0387661	1.0644
-0.0515716	1.40041
0.229874	1.10249
0.540293	1.07415
0.413287	1.02279
0.230225	0.688538
0.258958	0.873242
-0.109402	0.880655
0.0625526	0.938849
-0.28495	1.04443
-0.483427	1.0411
-0.712419	1.13196
-0.760702	0.828854
-0.836255	0.840143
-0.538466	0.654616
-0.673146	0.800664
-0.795895	0.698546
-0.495715	0.548538
-0.215977	0.616928
-0.0285597	0.728805
-0.166796	0.635296
0.118754	0.453892
-0.110381	0.64072
-0.466069	0.388703
-0.515372	0.492456
-0.424627	0.607181
-0.203542	0.741533
0.106784	0.928457
-0.175473	1.06885
-0.429239	0.894234
-0.799424	0.718876
-0.652421	0.949433
-0.772061	1.12253
-1.09649	0.950965
-0.722148	1.16004
-0.513968	0.861169
-0.306922	1.19386
0.0618785	1.12209
0.0950405	1.42251
0.195304	1.3823
0.362823	1.03194
0.162563	1.12155
0.0435503	0.812651
-0.186264	0.856777
-0.49433	0.739296
-0.442983	0.427595
-0.762909	0.715854
-1.05326	0.492054
-1.15763	0.753497
-0.961859	0.515085
-1.01667	0.764401
-0.935131	0.952735
-0.69048	1.11541
-0.589372	1.18304
-0.48473	0.885953
-0.399358	0.781462
-0.243357	1.02733
0.0399314	1.31236
-0.0904036	1.27097
0.278601	1.0521
0.406038	1.003
0.0500264	0.832222
-0.0693919	1.02469
0.300136	1.27273
0.306756	1.05231
0.450877	0.718272
0.570262	1.01385
0.440843	0.807737
0.439852	0.895182
0.365854	0.625995
0.132873	0.794657
-0.125611	0.634596
-0.482491	0.353308
-0.21186	0.554009
-0.315463	0.408978
-0.455419	0.698188
-0.509191	0.622332
-0.241522	0.770869
-0.523991	0.917782
-0.624232	0.983046
-0.298173	1.24375
-0.193852	1.15313
-0.524381	1.09694
-0.842054	0.79484
-0.806951	0.976577
-1.09521	1.08172
-0.950224	1.15791
-0.926917	0.898231
-0.575889	0.890621
-0.924782	0.74562
-1.048	0.68796
-0.703227	1.0065
-0.463519	0.871373
-0.620644	0.491856
-0.829378	0.558173
-0.794736	0.569076
-0.537887	0.386194
-0.218796	0.621391
-0.328129	0.77106
0.0209761	0.776983
0.328943	1.03767
0.0804124	1.35014
-0.0639184	1.71337
0.310971	1.45031
0.295695	1.29778
0.364906	1.16656
0.392618	0.904883
0.476498	0.760256
0.316174	0.414358
0.430749	0.515559
0.526646	0.638522
0.543834	0.350437
0.496399	0.729695
0.488233	0.597888
0.314166	0.583358
0.66278	0.502294
0.387326	0.420891
0.0232442	0.712752
-0.326601	0.906803
-0.208563	0.907504
-0.494406	0.766862
-0.776567	0.652463
-1.02917	0.669251
-0.899516	0.82946
-0.588218	0.954689
-0.208603	0.890907
-0.306838	0.841855
-0.67899	0.955982
-0.66803	0.864514
-0.422846	0.846795
-0.170407	0.776225
-0.304358	1.14568
-0.330852	1.21433
-0.701758	0.886711
-0.968645	0.519509
-0.668308	0.872871
-0.855641	0.500446
-0.695033	0.495789
-0.444678	0.725705
-0.479916	0.603761
-0.503386	0.917401
-0.2381	0.562732
-0.571992	0.696148
-0.785862	0.546858
-0.802174	0.725188
-0.749116	0.569532
-0.667699	0.850932
-0.391875	0.927909
-0.734344	0.65502
-0.524599	1.01423
-0.573245	1.14284
-0.240322	1.08954
-0.0267731	0.760487
-0.156996	0.951296
-0.289981	0.748368
-0.559577	0.849925
-0.508968	0.717508
-0.473972	0.846403
-0.371356	0.691179
-0.300355	0.686059
0.0399619	0.891209
-0.300791	1.11397
-0.246149	0.810543
0.0669276	1.17121
-0.0555852	0.92406
-0.343022	1.19659
-0.12233	0.96463
-0.208753	1.24981
-0.455781	0.97031
-0.149208	0.889039
-0.483353	0.915466
-0.789631	1.03071
-0.482757	0.869545
-0.473005	0.786247
-0.408779	0.879164
-0.0472564	0.969857
-0.399693	1.05807
-0.693205	0.751775
-0.756463	0.949076
-0.406736	0.626931
-0.713668	0.613479
-0.51013	0.855077
-0.526745	0.626368
-0.488974	0.912861
-0.264274	1.07367
-0.642105	0.958169
-0.358448	0.777605
-0.55295	0.74667
-0.737019	0.750261
-0.463072	1.07858
-0.381362	1.21929
-0.696436	0.880692
-0.531623	0.939774
-0.37271	0.942586
-0.611934	0.637438
-0.588125	1.00887
-0.617065	0.878109
-0.927335	0.507592
-0.670455	0.641023
-0.572433	0.782601
-0.924085	0.648832
-1.10541	0.538803
-0.7637	0.870586
-0.865763	0.799985
-0.662523	0.555196
-0.935178	0.615416
-0.903564	0.773006
-1.02357	0.616113
-0.944917	0.629241
-1.0719	0.692236
-1.06081	0.461459
-0.691439	0.658075
-0.629366	0.800511
-0.650274	0.441288
-0.513962	0.607491
-0.148511	0.966908
-0.051995	1.13962
-0.398708	0.836452
-0.691438	0.50395
-0.395781	0.826932
-0.274273	0.842012
0.0375102	1.18487
-0.0724088	1.0086
-0.106372	0.9976
0.272657	0.739164
0.628894	0.51346
0.569774	0.643238
0.247114	0.974603
0.221258	1.00559
0.338506	1.25144
0.295831	1.17717
0.414564	1.15509
0.0874832	0.895254
0.430584	1.0928
0.459126	0.816899
0.797167	0.642908
0.686063	0.933791
0.62758	0.744482
0.588443	1.01252
0.923399	0.757216
0.830144	0.815797
0.595073	0.493467
0.522881	0.640687
0.748485	0.802984
0.611433	0.438573
0.652357	0.517848
0.784505	0.85286
0.51341	0.57904
0.386312	0.914246
0.148776	1.18173
0.38684	0.888867
0.494469	0.875891
0.435822	0.890811
0.277	0.938929
0.155231	0.5642
0.163524	0.702711
-0.144277	0.996001
-0.337357	0.715795
-0.172843	0.719614
-0.291863	0.664435
-0.390956	0.96159
-0.101706	0.732204
0.0282713	0.790793
-0.190504	0.90548
-0.316302	1.02484
-0.0449128	1.24076
0.225373	1.13854
0.277768	0.798731
0.5091	0.901208
0.819156	0.846088
0.787619	0.58719
0.693175	0.903383
0.43244	0.908901
0.384217	0.816192
0.687879	0.652634
0.65842	0.34297
0.347781	0.305089
0.0441704	0.650295
0.414602	0.697429
0.62437	0.499271
0.781613	0.510226
0.57433	0.449622
0.841051	0.475652
0.685743	0.737441
1.03598	0.594322
0.679313	0.873517
0.891184	0.829536
0.941093	0.802999
1.057	0.594039
0.876725	0.572002
0.768708	0.807437
1.05962	0.541131
1.02266	0.771829
0.877912	0.586983
0.866902	0.472468
1.15843	0.449038
1.02262	0.597202
1.04601	0.76739
0.722944	1.03559
0.395344	1.20467
0.203018	1.13416
0.501093	0.868299
0.431139	0.893358
0.805424	0.596783
0.648947	0.758814
0.84273	0.735785
0.571228	0.585782
0.216602	0.624542
-0.0447876	0.92273
-0.362454	0.997125
-0.456081	0.833129
-0.726846	0.829974
-0.775105	0.729353
-1.03364	0.744927
-0.748203	0.64245
-0.890027	0.504509
-0.673425	0.469069
-0.836603	0.658015
-0.873554	0.820078
-0.707625	0.665118
-0.330894	0.433908
-0.482398	0.611124
-0.56919	0.726268
-0.598421	0.791879
-0.843921	0.620798
-0.862931	0.61016
-0.622509	0.806717
-0.622497	0.720677
-0.97823	0.587927
-0.671974	0.507696
-0.759953	0.791919
-0.733606	0.535025
-1.09852	0.552746
-0.933569	0.846316
-0.669018	0.631167
-0.637157	0.840537
-0.338044	0.923008
-0.138149	1.13338
-0.320368	0.83739
-0.698381	0.921053
-0.772814	0.709169
-0.41169	0.926617
-0.668825	0.584057
-0.79742	0.608733
-0.611194	0.939623
-0.787822	0.77509
-0.489505	0.947969
-0.150186	1.15971
-0.354781	1.24318
-0.444174	1.03992
-0.340384	0.758255
-0.193125	0.928142
-0.268096	0.882688
-0.510747	0.704408
-0.358913	0.8706
-0.678201	0.670412
-0.613577	0.937847
-0.359836	0.749296
-0.190831	0.880069
-0.259104	1.15332
0.0156652	0.85715
0.312732	0.723787
0.520139	0.735519
0.377253	0.653421
0.430799	0.663788
0.489937	0.761419
0.848157	0.590334
0.519712	0.800199
0.407437	0.991073
0.741358	0.633129
0.697434	0.83541
0.554787	0.864269
0.491284	0.943862
0.220037	0.946917
0.460299	0.762268
0.774134	0.693311
0.501349	0.497271
0.460765	0.58649
0.783623	0.831338
0.618353	0.809857
0.816829	0.822171
0.795299	0.743424
0.629196	0.775928
0.433682	0.813263
0.598155	1.09999
0.573178	0.899793
0.839571	1.01812
0.939922	0.793498
0.775898	0.895979
0.52886	1.15445
0.33197	1.22199
-0.0399852	1.20498
-0.285924	0.839157
-0.532709	1.04364
-0.195367	0.876917
-0.128577	1.2375
0.0234786	1.0312
-0.00509462	1.05089
-0.0362972	1.14388
-0.187583	0.780374
-0.340737	1.15487
-0.230103	0.960583
-0.129728	0.726862
-0.0887695	1.03023
-0.112168	0.852202
-0.314119	0.848872
-0.474531	0.901082
-0.249195	1.02462
0.033861	0.983765
0.159197	1.23931
0.186614	1.31317
0.528396	1.07099
0.153986	0.750982
0.390974	0.665596
0.500294	0.414507
0.329113	0.622416
0.181905	0.812449
0.0918707	1.15236
0.159644	1.28913
-0.0132409	1.25794
-0.128647	1.17176
0.230047	1.26395
0.0928357	1.03485
0.374451	0.700603
0.110667	0.708635
-0.137995	0.736823
-0.271899	0.839171
-0.247994	0.617321
-0.521699	0.709505
-0.447569	0.821139
-0.56785	0.855333
-0.847237	0.743858
-0.803215	0.538071
-1.03687	0.5252
-0.825891	0.874282
-0.730449	0.525776
-0.650954	0.595187
-0.347774	0.800382
-0.40415	0.881779
-0.487244	0.890295
-0.352276	1.02988
-0.717446	1.0601
-0.871704	0.957388
-0.719689	1.07841
-0.623452	0.883888
-0.661272	0.785084
-0.329461	0.845833
-0.639868	0.723876
-0.952557	0.573601
-0.606998	0.706415
-0.474439	0.712469
-0.253997	0.973181
-0.478311	0.742913
-0.470501	0.920053
-0.731737	0.85129
-0.627347	0.671891
-0.673393	0.924051
-0.51196	0.743257
-0.485806	0.895339
-0.61259	0.63925
-0.304274	0.888654
-0.280305	0.774399
-0.326093	0.697804
-0.569336	0.722015
-0.311243	0.949851
-0.275127	1.00874
-0.22093	1.23318
-0.423919	1.05107
-0.531176	1.01098
-0.547077	0.811984
-0.747301	0.584983
-0.922684	0.741239
-0.90239	0.475422
-0.850789	0.589981
-0.785093	0.567442
-0.897512	0.420172
-0.733346	0.786389
-0.595359	0.92053
-0.877454	0.640137
-0.647093	0.92867
-0.459066	0.639832
-0.423326	0.956061
-0.583362	0.622147
-0.543948	0.706864
-0.491812	0.893735
-0.286704	0.921323
-0.625164	0.599635
-0.798916	0.482189
-0.715964	0.834427
-0.380616	1.06177
-0.0661184	1.09003
0.24546	1.16717
0.593686	0.855406
0.458109	1.05977
0.661534	0.966099
0.51249	0.871031
0.15745	1.01097
0.314237	0.966754
0.421628	0.972431
0.308617	0.840418
0.50056	0.979259
0.143804	1.04441
0.00724598	0.938207
0.0270842	0.799212
0.0215241	0.936169
-0.201613	0.681558
-0.465494	0.9465
-0.746425	0.906414
-0.894391	0.545682
-1.02198	0.523934
-0.941525	0.718104
-0.821221	0.542323
-0.859537	0.522954
-0.972166	0.508193
-0.954859	0.414624
-0.859446	0.397177
-1.16915	0.545875
-0.813433	0.669028
-0.521223	0.451387
-0.458448	0.65204
-0.513974	0.721899
-0.622175	0.79725
-0.715933	0.498762
-0.921873	0.411185
-0.904118	0.419327
-0.690439	0.710308
-0.842909	0.514027
-1.01694	0.408469
-0.725173	0.42068
-0.828443	0.426635
-1.05397	0.71001
-0.973117	0.752193
-0.753839	0.430992
-1.00897	0.446073
-0.817681	0.720765
-0.767733	0.677243
-0.521519	0.641115
-0.71242	0.898771
-1.00492	0.679565
-0.868664	0.853897
-1.08891	0.646673
-0.867067	0.435136
-1.16485	0.545592
-0.913755	0.805837
-0.713821	0.507573
-1.02254	0.579751
-0.658063	0.829407
-0.578147	0.601392
-0.855579	0.658553
-0.772126	0.775369
-0.40349	0.934399
-0.342115	0.869819
-0.431599	0.871837
-0.491639	0.942313
-0.686836	0.6752
-0.678082	0.774136
-0.975063	0.53642
-0.939995	0.633539
-0.88483	0.674562
-0.562088	0.873349
-0.31141	1.00494
-0.428505	1.20827
-0.215798	1.02912
0.0667402	1.32388
0.0270199	1.33309
0.337391	0.953611
0.205491	0.988314
-0.0290782	0.792655
-0.200954	1.02541
-0.335644	1.17031
-0.125176	0.979222
-0.354077	1.12546
-0.329487	1.05194
0.0326387	0.848069
-0.0433417	1.09787
0.298665	0.804771
0.59132	0.971101
0.454434	1.16904
0.704278	0.832841
0.981224	0.559155
0.653072	0.624542
0.73429	0.908982
0.438972	0.866346
0.616643	0.766764
0.626436	0.818243
0.881178	0.549989
0.915449	0.705739
0.70344	0.51344
0.797192	0.527657
0.927017	0.575211
0.840062	0.782677
0.663277	0.514693
0.920344	0.62749
0.724666	0.499585
0.679221	0.50934
0.883692	0.658642
0.689536	0.602686
0.482784	0.812517
0.608034	0.80709
0.445565	0.847557
0.177692	1.21828
-0.0155884	0.840472
0.125578	0.959035
-0.208163	0.878339
-0.540724	0.603703
-0.595986	0.8473
-0.588981	1.13213
-0.261916	1.04658
-0.419561	0.823289
-0.628319	0.510012
-0.609697	0.758186
-0.261412	0.820078
-0.260247	0.861798
-0.330861	1.01828
-0.214967	0.649394
-0.28968	0.725747
-0.133964	1.09449
-0.199973	0.930413
-0.076077	0.918863
-0.43915	0.760202
-0.227477	0.943739
-0.348931	1.10322
-0.700588	0.817545
-0.679975	0.905901
-0.727512	0.874685
-0.731711	0.641759
-0.930459	0.658035
-0.733417	0.72695
-0.479241	0.723778
-0.569194	0.448343
-0.578077	0.683009
-0.596415	0.870823
-0.701073	0.851104
-0.825801	0.691795
-0.90535	0.691455
-0.652224	0.553644
-0.83653	0.507453
-0.975194	0.516278
-0.960046	0.579992
-0.850315	0.725531
-0.514664	0.677731
-0.867463	0.859708
-0.766436	0.903981
-0.647328	0.928346
-0.87564	0.778812
-0.766475	0.735488
-1.09663	0.816771
-0.720274	0.801961
-0.740762	0.48217
-0.808466	0.569041
-0.703635	0.43569
-0.983074	0.494296
-0.72517	0.589509
-0.726578	0.670858
-0.827632	0.537974
-0.498982	0.854044
-0.197204	0.899241
-0.490502	0.709465
-0.665585	0.691616
-0.897866	0.730407
-0.764296	0.966298
-0.7785	1.2158
-0.497362	1.04095
-0.433616	0.872996
-0.104748	0.992364
-0.060213	0.92121
0.111059	1.04824
0.402112	0.836034
0.115496	1.10949
0.431246	0.98407
0.32249	0.981141
0.235788	0.775256
0.154865	0.877658
-0.134431	0.847908
-0.166703	0.940428
-0.2884	0.836068
-0.518205	0.884315
-0.395018	0.654627
-0.126901	0.7116
-0.243009	1.05825
-0.544143	0.746087
-0.199985	0.836146
-0.494914	1.09736
-0.424564	1.0911
-0.387234	0.912495
-0.762277	0.570588
-0.675456	0.904866
-0.961002	0.654037
-0.662666	0.512485
-0.653594	0.599315
-0.875821	0.545935
-0.940161	0.551068
-0.646695	0.825133
-0.611786	0.812445
-0.756243	0.72638
-0.664312	0.619194
-0.704729	0.504684
-0.493969	0.858661
-0.568996	1.02719
-0.390306	0.974221
-0.723918	0.768909
-0.661136	0.599435
-0.956755	0.596393
-0.830107	0.74033
-0.880368	0.543281
-0.596895	0.597547
-0.739991	0.880478
-0.727766	0.74554
-0.826949	0.638501
-0.971699	0.62976
-0.678259	0.803513
-0.545871	0.752869
-0.773604	0.763995
-0.487845	1.02229
-0.469705	0.727271
-0.830378	0.713978
-0.852465	0.561672
-0.501453	0.672656
-0.528633	0.872421
-0.300218	1.10677
-0.360208	0.938786
-0.259628	1.0419
0.0321664	0.762095
-0.0467349	0.770236
-0.211468	0.718096
0.109604	0.471595
0.210203	0.54064
0.00767996	0.447884
0.0158659	0.451902
0.123614	0.636091
0.00498555	0.961605
0.231323	1.13224
0.244065	1.19136
0.551302	1.0582
0.467866	0.990103
0.449501	1.09905
0.345733	1.16538
0.369881	0.870954
0.617135	0.827123
0.652281	0.528262
0.914466	0.707002
1.00608	0.562859
0.915907	0.595347
0.955458	0.820306
0.589958	0.812179
0.273754	0.746006
0.538717	0.821482
0.3351	1.1925
0.27098	1.11613
0.152554	0.877948
0.0309415	1.06583
0.242965	0.708994
0.315326	0.811961
0.230616	1.13501
-0.115461	0.914281
0.0468575	1.28976
0.341279	1.15153
0.154117	1.1112
0.270141	0.850954
0.0736989	1.21983
0.138339	0.91911
0.12981	0.881478
0.10242	0.892755
0.147102	0.961249
0.0220024	1.06529
-0.107171	1.02536
-0.470505	1.18585
-0.828249	1.06416
-0.620238	0.726765
-0.741213	0.509151
-0.394447	0.807219
-0.482849	1.07384
-0.314484	0.814507
-0.0773388	1.13526
-0.353007	0.929917
-0.483156	0.811735
-0.454442	0.85412
-0.336264	0.672539
-0.483465	0.457403
-0.766673	0.452899
-0.484974	0.760491
-0.130356	1.08106
0.183181	0.956962
0.0680733	1.0395
0.358712	1.07507
0.367205	1.17342
0.468075	0.892503
0.635005	0.821456
0.726547	0.483046
1.05012	0.547413
0.866329	0.808302
0.676356	0.590413
0.846051	0.689606
0.769784	0.674587
0.554116	0.623481
0.434087	0.95526
0.777331	0.710309
0.898204	0.771712
1.00638	0.600834
0.648298	0.629539
0.395339	0.707581
0.495169	0.711216
0.654016	0.815869
0.588309	0.59922
0.512386	0.781759
0.524441	0.90649
0.753514	0.878604
0.420448	0.956308
0.757991	0.711252
0.650592	0.994113
0.903241	1.00083
1.00516	0.738272
0.909942	0.705778
0.602998	0.588346
0.757281	0.424082
0.674225	0.686652
0.81851	0.660766
0.900421	0.498106
0.794781	0.726408
0.759055	0.753919
0.556723	0.703867
0.933652	0.737355
0.563088	0.865134
0.580779	0.913966
0.424928	0.833269
0.619518	1.16223
0.447178	1.14277
0.229926	1.12804
0.0147808	0.894467
-0.293864	1.24722
-0.0607391	0.955787
-0.190054	0.85123
-0.412977	0.749447
-0.265538	1.02565
-0.00419634	1.23497
0.180768	0.865101
-0.0203818	0.739337
0.0886425	0.81405
-0.251354	1.11641
-0.623767	0.747836
-0.49218	0.818103
-0.697632	0.863927
-0.602763	1.01267
-0.618434	0.658656
-0.829911	0.546418
-0.699639	0.629291
-0.953935	0.544844
-0.773625	0.62434
-0.899908	0.604959
-0.624751	0.678929
-0.840277	0.740288
-0.615171	1.1183
-0.623873	0.856447
-0.266898	0.918625
-0.142317	1.18154
0.0271388	0.979523
0.132431	1.11244
0.322276	0.892472
0.240887	0.788259
0.419584	0.794334
0.52151	0.926516
0.269477	0.892165
0.379818	0.741646
0.680627	0.823333
0.651326	0.50653
0.795212	0.490955
0.970667	0.545217
0.632064	0.560525
0.324943	0.825004
0.0779788	1.11203
-0.170005	0.801019
-0.100889	0.898144
-0.198736	0.896311
0.0250909	1.03376
-0.00730527	1.16437
-0.213687	1.11796
0.105598	1.10873
0.483974	0.805416
0.114457	0.992062
0.406273	0.981659
0.543494	0.625474
0.807807	0.604253
0.995826	0.534295
0.77777	0.815013
0.566282	0.667076
0.59917	0.63739
0.61647	0.705398
0.81225	0.747725
0.485042	0.669662
0.640688	0.732917
0.364229	1.00148
0.572403	0.98446
0.286782	1.09704
0.417956	0.965318
0.289739	1.03401
-0.0711109	0.812302
0.134293	0.944494
0.501364	0.755993
0.305406	0.756571
0.508733	0.585854
0.579145	0.843845
0.229051	0.860919
0.127664	1.06184
0.449237	0.877662
0.508297	0.787893
0.696374	0.571057
0.936624	0.683665
0.822448	0.66814
0.705212	0.437366
0.862725	0.717295
0.546486	0.804481
0.661695	0.738282
0.676648	0.830303
0.459168	0.844267
0.464102	0.74624
0.39319	0.889305
0.496057	0.749295
0.303626	1.00425
0.336326	0.819307
0.706404	0.754489
0.597222	0.925511
0.625432	0.803497
0.525687	0.86347
0.874052	0.605145
0.80352	0.647937
0.643347	0.716707
0.79929	0.544309
0.681349	0.825631
0.655939	0.512165
0.524093	0.534758
0.807345	0.506511
0.427885	0.864713
0.740311	0.503118
0.815954	0.511938
0.7615	0.625003
0.553422	0.845769
0.441562	0.90684
0.528246	0.831446
0.713798	0.845506
0.574045	0.901548
0.257594	0.967466
0.138079	0.902617
0.310955	1.10162
0.410237	0.990338
0.392705	0.901934
0.461432	0.74365
0.206346	0.748381
-0.0393712	0.733933
-0.0373522	1.03918
-0.286258	1.2828
-0.128121	0.995799
-0.216361	1.03467
-0.139129	1.1512
-0.147059	0.910281
-0.29948	1.12707
-0.154682	0.996519
-0.0371546	0.739734
0.243309	1.06736
-0.13025	1.09962
-0.491393	0.872279
-0.453211	0.864081
-0.149231	0.911685
-0.399215	0.914168
-0.48371	0.883203
-0.622484	0.679064
-0.780939	0.505665
-0.489914	0.755942
-0.781579	0.832752
-0.703515	0.742827
-0.632797	0.694466
-0.649362	0.761508
-0.870016	0.701823
-0.710738	0.626741
-0.835825	0.597497
-0.878458	0.60474
-0.784068	0.648457
-0.838416	0.839488
-0.597537	1.11048
-0.266563	1.05886
-0.0323474	1.01887
-0.126203	0.8645
-0.356266	0.840987
-0.53242	1.00758
-0.300175	0.812582
0.0549527	0.90555
-0.014415	1.04008
-0.38857	1.11969
-0.106803	0.993886
-0.0951915	1.13622
-0.435799	0.891433
-0.57499	0.833413
-0.711686	0.621449
-0.648452	0.665236
-0.988366	0.586443
-0.725014	0.515827
-0.602608	0.894555
-0.963064	0.665247
-0.862786	0.591126
-0.551154	0.815084
-0.748988	0.853955
-0.435951	1.04324
-0.426065	0.990486
-0.721697	1.00942
-0.901688	1.03563
-1.1776	0.696787
-0.826184	0.984255
-0.746479	0.622739
-0.485681	0.710575
-0.388787	0.746641
-0.608543	1.08453
-0.693844	0.914959
-0.348511	0.93961
-0.532404	0.904286
-0.874409	0.681832
-0.68001	0.855098
-0.917298	0.651666
-0.558737	0.84442
-0.29904	0.766308
-0.45217	0.773739
-0.450975	0.68323
-0.786989	0.891017
-0.958145	0.761625
-1.0484	0.590324
-0.838155	0.464686
-0.543011	0.554958
-0.486891	0.521863
-0.359416	0.61602
-0.445819	0.672764
-0.320706	0.998133
-0.289458	1.12189
-0.0587881	0.976507
0.266676	0.854281
0.637382	0.988344
0.521877	0.96028
0.526942	0.82201
0.433513	0.857621
0.610052	0.988168
0.572886	0.76844
0.808465	0.655169
0.857331	0.72777
0.690663	0.712429
0.638412	0.516345
0.263283	0.656533
0.226266	0.767663
0.587156	0.596504
0.856903	0.58992
0.756426	0.57472
0.66488	0.882485
0.759131	0.716525
0.602883	0.620761
0.734139	0.886047
0.755169	0.785896
0.581567	0.810151
0.544204	0.933842
0.325484	0.953869
0.00578752	0.953385
0.371736	1.02126
-0.00401061	1.04778
-0.296869	1.1418
-0.0970208	0.937489
-0.339705	0.810306
-0.268103	0.896205
-0.271199	0.972307
-0.0244963	1.03313
0.323475	0.766856
0.447164	0.561476
0.52249	0.611357
0.607016	0.873402
0.75065	0.773804
0.566769	0.63086
0.820319	0.645786
0.678655	0.569655
0.812628	0.557353
1.0492	0.551747
0.733555	0.754256
0.714568	0.812401
0.675762	0.587995
0.501615	0.428995
0.855909	0.607111
0.533035	0.587232
0.899932	0.835657
0.72297	0.838298
0.954932	0.835008
0.696768	0.482514
0.481389	0.807624
0.149535	0.80616
0.120246	0.88571
0.258917	0.773511
0.406544	0.713288
0.582693	0.867769
0.852732	0.519007
0.526009	0.777196
0.472854	0.879921
0.61653	0.601081
0.544597	0.783245
0.575395	0.677118
0.775439	0.521601
0.694966	0.797584
0.842945	0.510943
0.60772	0.703249
0.793782	0.605671
0.648965	0.567081
0.63852	0.540537
0.91155	0.618654
0.550945	0.715811
0.292518	1.08992
0.197877	0.814032
-0.0301096	0.8604
-0.213053	0.895997
-0.512812	0.904003
-0.240691	0.935391
-0.378034	0.972557
-0.664875	0.842439
-0.550364	0.609856
-0.561271	0.918971
-0.420617	0.776536
-0.465192	0.51067
-0.791285	0.64952
-0.865458	0.660247
-0.623176	0.555392
-0.370242	0.7683
-0.323989	0.928601
-0.0417971	1.03962
0.176874	0.86795
-0.0513166	1.14559
0.238764	1.14367
0.0780198	1.08708
0.341826	1.2286
0.0300983	1.07134
0.203819	0.738155
0.544467	0.646295
0.494244	0.967435
0.555464	0.713539
0.467461	0.958397
0.457103	0.660596
0.304429	0.939732
0.199147	0.961842
-0.162697	0.999499
-0.132685	0.979368
-0.241074	0.998516
0.126412	0.979847
-0.0659608	1.17624
0.0438071	1.20149
-0.00990531	1.06828
-0.0144075	1.16215
-0.270565	0.99187
-0.394159	0.81236
-0.476248	0.733511
-0.179999	1.0002
-0.0298329	1.17489
-0.108371	0.944538
-0.236548	1.11584
-0.551865	0.740262
-0.861972	0.750238
-0.83258	0.627404
-0.770993	0.543908
-0.897514	0.524368
-0.781239	0.702551
-0.761666	0.694259
-0.874024	0.64449
-0.651268	0.575031
-0.648462	0.830829
-0.487459	0.459863
-0.693878	0.61936
-0.634377	0.89102
-0.939225	0.85084
-0.597652	1.00721
-0.347092	0.645687
-0.379262	0.585166
-0.72089	0.42951
-0.864517	0.448902
-0.765311	0.570819
-0.82256	0.575827
-0.763538	0.47769
-0.809295	0.748766
-0.47654	0.66922
-0.305743	0.981835
-0.0469147	1.05952
0.32501	1.11407
0.168938	1.06484
0.426263	0.767751
0.588318	0.798871
0.68006	0.645288
0.65855	0.544982
0.724975	0.64402
0.637608	0.611589
0.848704	0.577801
0.773113	0.732152
0.649278	0.738415
0.810083	0.608062
0.84099	0.637655
0.702291	0.615634
0.417592	0.816597
0.385274	0.745424
0.503169	0.881037
0.441965	0.818764
0.591554	0.716072
0.922888	0.642756
0.633065	0.520327
0.735141	0.764989
0.902611	0.673081
1.0011	0.583273
0.865841	0.52715
0.69329	0.74062
0.595211	0.649594
0.468858	0.853098
0.347858	1.0955
0.463288	1.01459
0.483969	0.74168
0.691318	0.718237
0.730371	0.589742
0.615266	0.736636
0.7689	0.795075
0.586505	0.719841
0.810674	0.574062
0.505338	0.863885
0.221108	0.742424
0.0942531	1.00316
0.194327	0.927573
0.252985	1.08498
0.378113	1.27288
0.647532	1.08326
0.620942	0.971278
0.798035	0.865262
0.533511	0.775905
0.763194	0.602509
0.735537	0.708217
0.601149	0.686627
0.606965	0.729971
0.403479	0.916128
0.632902	0.982884
0.426812	0.693249
0.459351	0.729567
0.65083	0.51621
0.529872	0.745563
0.440571	1.00707
0.251123	0.932558
0.290892	0.749193
0.385035	0.67691
0.672618	0.624467
0.894995	0.668406
0.665609	0.869365
0.590902	0.928357
0.699932	0.890354
0.943775	0.687274
0.968928	0.697508
0.79239	0.754801
0.676955	0.805947
0.614194	0.741136
0.839346	0.73786
0.786796	0.677234
0.620463	0.790183
0.626036	0.675623
0.68161	0.767044
0.731167	0.775562
0.882742	0.609437
0.81318	0.784279
0.670823	0.539375
0.900346	0.708658
0.701245	0.492183
0.936046	0.669644
0.9104	0.650249
0.689388	0.754584
0.775749	0.660286
0.634009	0.929962
0.789611	0.792724
0.573996	0.782284
0.773397	0.606289
0.624666	0.755349
0.697504	0.519004
0.899957	0.535792
0.700783	0.618612
0.413122	0.835294
0.708973	0.754778
0.76664	0.781841
0.582377	0.781557
0.800097	0.495497
0.58621	0.693933
0.448872	0.766953
0.338596	0.854917
0.26193	0.920927
0.287394	1.16636
0.06012	1.12302
0.275289	0.901108
0.379506	0.815309
0.397427	1.09325
0.4057	0.936438
0.16082	1.08138
0.191209	1.09776
0.470124	1.14774
0.757014	1.01414
0.861722	0.739037
0.557494	0.731065
0.586702	0.610554
0.596394	0.745622
0.47905	0.789593
0.424287	1.02741
0.483562	0.910403
0.553065	0.867154
0.789191	0.64351
0.634718	0.541069
0.795732	0.612978
0.911219	0.630155
0.909103	0.801135
0.626118	0.511383
0.662337	0.483154
0.91516	0.754538
0.818631	0.813256
0.745936	0.553404
0.872239	0.485355
0.828919	0.601317
0.831226	0.67572
0.57993	0.894905
0.832164	0.879336
0.725695	0.757476
0.841825	0.516654
0.863835	0.582136
0.893984	0.592759
0.705267	0.561927
0.787921	0.543216
0.692385	0.618023
0.944592	0.775259
1.01569	0.74931
0.871212	0.597238
0.730765	0.553073
0.727884	0.533663
0.974314	0.663303
0.71943	0.63641
1.00036	0.6795
0.78987	0.620565
0.670053	0.599895
0.906708	0.507772
0.807007	0.455101
0.609753	0.463017
0.510985	0.726399
0.486295	0.855458
0.560831	0.645025
0.668524	0.891522
0.840407	0.77433
0.635871	0.751504
0.552491	0.849055
0.813422	0.586601
0.740576	0.56611
0.763891	0.56991
0.877871	0.653698
0.792428	0.859414
1.0196	0.693144
0.816131	0.898361
1.0085	0.773394
0.970272	0.559894
0.984854	0.686753
0.736184	0.893657
0.71729	0.829642
0.522159	0.809335
0.782072	0.566039
0.718135	0.556305
0.901021	0.550644
0.732998	0.841012
0.795627	0.72868
0.798529	0.557167
0.592183	0.546624
0.659271	0.612897
0.739461	0.803172
0.677407	0.837253
0.845776	0.702146
0.776364	0.622326
0.962795	0.675519
0.655331	0.573634
0.873066	0.488577
1.00675	0.750743
0.790975	0.472886
0.525341	0.638679
0.476432	0.778119
0.571595	0.727075
0.865791	0.732165
0.721003	0.825709
0.534436	0.97382
0.238551	0.931696
0.475794	0.655552
0.281201	0.942861
0.385302	1.14204
0.168558	1.25033
0.302997	1.07957
0.436315	1.14942
0.501363	0.843999
0.7583	0.623737
0.909199	0.742068
0.953424	0.592445
0.66375	0.53449
0.760692	0.718064
0.747386	0.584823
0.786848	0.844851
0.553315	1.0039
0.486835	1.04092
0.222163	0.989363
-0.0145502	1.00101
0.193543	1.02815
0.474099	0.937562
0.346618	0.841467
0.599004	0.989351
0.621315	0.928831
0.585387	0.941087
0.353678	1.11352
0.0953652	0.96128
0.270348	1.11873
0.0920697	0.932931
0.163858	0.855192
0.460973	1.05138
0.424127	1.03097
0.532119	0.780829
0.480846	0.903541
0.173725	0.993924
0.477584	0.92639
0.264173	1.1392
0.0192168	1.25042
0.151209	0.983238
0.201865	1.12293
0.0431569	0.883876
-0.138701	1.18671
0.0632158	0.907352
-0.1518	1.07157
-0.310237	0.824007
-0.209381	1.11249
-0.396436	0.873033
-0.489159	0.925365
-0.701588	0.899303
-0.57171	0.996057
-0.615206	0.766022
-0.613134	0.836159
-0.683893	0.722762
-0.961598	0.670272
-0.889166	0.713773
-0.719811	0.529816
-0.910471	0.600584
-0.699618	0.685876
-0.680262	0.687202
-0.627678	0.726334
-0.42222	0.968309
-0.62484	0.78143
-0.694248	0.605337
-0.733599	0.679533
-0.938162	0.556445
-0.81521	0.814668
-0.923759	0.590911
-0.909865	0.689302
-0.663636	0.487741
-0.59701	0.721721
-0.780907	0.523937
-0.708382	0.821338
-0.924691	0.562048
-0.675742	0.582999
-0.567797	0.871056
-0.754754	0.667116
-0.595338	0.58575
-0.8353	0.621437
-0.825858	0.673062
-0.654877	0.608003
-0.838619	0.667982
-0.699661	0.656771
-0.758778	0.60896
-0.812169	0.580038
-0.825653	0.743753
-0.892566	0.586145
-0.679272	0.60339
-0.777669	0.638388
-0.795969	0.712584
-0.665312	0.624969
-0.955879	0.566291
-0.687474	0.486915
-0.888629	0.55175
-0.801359	0.630492
-0.801443	0.622532
-0.968125	0.606348
-0.77522	0.523049
-0.529401	0.585961
-0.599863	0.641924
-0.657845	0.729359
-0.670636	0.712078
-0.671569	0.617613
-0.775536	0.695955
-0.634048	0.785992
-0.851979	0.758027
-0.892009	0.632836
-0.760181	0.663198
-0.655637	0.636052
-0.67534	0.863663
-0.775234	0.627914
-0.791187	0.508025
-0.58742	0.421557
-0.613979	0.648571
-0.685424	0.723028
-0.863444	0.531537
-0.744629	0.559287
-0.736837	0.602871
-0.81077	0.586815
-0.744758	0.724215
-0.914625	0.595823
-0.712494	0.548254
-0.77536	0.539417
-0.781679	0.547876
-0.775092	0.575668
-0.65851	0.662001
-0.431703	0.8275
-0.634229	0.639204
-0.787144	0.578856
-0.857087	0.614587
-0.731807	0.611573
-0.585858	0.649783
-0.447727	0.868015
-0.255024	0.98116
-0.437446	0.943952
-0.37965	0.859042
-0.57901	0.847084
-0.563333	0.712103
-0.490822	0.928164
-0.608217	0.83309
-0.749571	0.609879
-0.851173	0.674566
-0.705027	0.678446
-0.798431	0.731339
-0.657557	0.92104
-0.450269	0.880594
-0.6386	0.720172
-0.869196	0.751072
-0.655317	0.652864
-0.72429	0.718185
-0.845558	0.751834
-0.608761	0.794893
-0.450097	0.838395
-0.568291	0.723536
-0.693443	0.698882
-0.600663	0.800727
-0.696572	0.575835
-0.651081	0.641435
-0.652932	0.829751
-0.609365	0.844488
-0.614777	0.861698
-0.700048	0.817326
-0.5764	0.648899
-0.823082	0.546696
-0.761724	0.767086
-0.814135	0.836681
-0.579154	0.800854
-0.715019	0.77655
-0.80149	0.759938
-0.608998	0.742294
-0.845452	0.564949
-0.605597	0.681979
-0.711939	0.598594
-0.869279	0.601551
-0.660387	0.7985
-0.656724	0.766826
-0.661602	0.7
-0.58853	0.741656
-0.770933	0.534227
-0.641078	0.625166
-0.589732	0.804455
-0.48307	0.879955
-0.517114	0.645715
-0.699099	0.643087
-0.847373	0.664334
-0.75832	0.64229
-0.670168	0.68209
-0.75376	0.689303
-0.803577	0.576726
-0.828471	0.717898
-0.858052	0.743505
-0.963515	0.666934
-0.816722	0.540352
-0.893908	0.591081
-0.859806	0.555149
-0.931949	0.559799
-0.894313	0.529559
-0.815581	0.638167
-0.829742	0.586818
-0.754152	0.574061
-0.755397	0.638889
-0.721672	0.721702
-0.638684	0.688246
-0.7559	0.699945
-0.746814	0.598003
-0.796051	0.664855
-0.774772	0.659116
-0.762123	0.688112
-0.640063	0.68832
-0.666498	0.771229
-0.692138	0.626816
-0.878241	0.664982
-0.901135	0.694447
-0.927439	0.612251
-0.896483	0.633602
-0.822208	0.537534
-0.94287	0.673824
-0.821779	0.622717
-0.83067	0.521318
-0.678776	0.645281
-0.839766	0.583178
-0.684849	0.766317
-0.641513	0.832518
-0.703818	0.814924
-0.741797	0.661779
-0.771132	0.495603
-0.697147	0.69636
-0.772545	0.583828
-0.776513	0.598503
-0.722643	0.697141
-0.82056	0.560317
-0.863691	0.681785
-0.72122	0.671
-0.756494	0.583025
-0.908807	0.538672
-0.842071	0.541124
-0.830108	0.564415
-0.939615	0.576091
-0.82415	0.643017
-0.86708	0.614359
-0.78852	0.549848
-0.711847	0.603864
-0.625443	0.64155
-0.671804	0.61396
-0.648968	0.680891
-0.696454	0.654347
-0.815154	0.663402
-0.962122	0.567888
-0.812135	0.674478
-0.730584	0.583666
-0.741118	0.555377
-0.591172	0.474186
-0.717788	0.497431
-0.780599	0.509236
-0.776179	0.595787
-0.839103	0.589375
-0.905419	0.573006
-0.810878	0.532298
-0.913904	0.532474
-1.01114	0.551518
-0.883406	0.487862
-0.743278	0.616442
-0.736437	0.658774
-0.680053	0.708555
-0.79158	0.698353
-0.631363	0.732576
-0.751802	0.718542
-0.8424	0.768057
-0.969359	0.647786
-0.992673	0.59067
-0.893297	0.635255
-0.789497	0.548816
-0.792821	0.571056
-0.828895	0.616973
-0.829062	0.692229
-0.851496	0.723419
-0.86209	0.692553
-0.806023	0.624214
-0.74632	0.527773
-0.75363	0.548767
-0.687476	0.644854
-0.792025	0.539085
-0.759972	0.665082
-0.755163	0.642906
-0.813291	0.661026
-0.771495	0.65848
-0.798114	0.707496
-0.66566	0.774146
-0.58345	0.772731
-0.577284	0.692181
-0.636227	0.539646
-0.601726	0.584394
-0.650882	0.737433
-0.645555	0.739991
-0.739532	0.834775
-0.857224	0.675694
-0.979526	0.570171
-0.915788	0.697567
-1.05397	0.625482
-1.01291	0.709888
-0.999189	0.614898
-1.03338	0.596456
-0.976455	0.605313
-0.908416	0.74438
-0.863981	0.722975
-0.730085	0.769382
-0.809671	0.701122
-0.966603	0.6264
-0.896334	0.657317
-0.819521	0.762971
-0.775836	0.617211
-0.728631	0.55235
-0.878299	0.643562
-0.807713	0.626581
-0.705609	0.720705
-0.765158	0.691858
-0.714898	0.59457
-0.738277	0.698242
-0.663496	0.552292
-0.73824	0.588744
-0.872523	0.539407
-0.715859	0.702003
-0.796336	0.710985
-0.885983	0.614139
-0.823517	0.612722
-0.820539	0.637937
-0.741298	0.529892
-0.674315	0.635432
-0.796235	0.550687
-0.758055	0.556059
-0.838986	0.520233
-0.820026	0.539389
-0.733162	0.550272
-0.824517	0.669283
-0.843295	0.615755
-0.768732	0.658164
-0.817327	0.642707
-0.737115	0.665583
-0.794978	0.72633
-0.703501	0.655521
-0.795735	0.734238
-0.751254	0.668118
-0.866466	0.664409
-0.877151	0.568972
-0.808615	0.604204
-0.815179	0.651966
-0.714812	0.524586
-0.818228	0.527722
-0.898788	0.534898
-1.02721	0.602381
-0.900528	0.646392
-0.967294	0.644339
-0.877357	0.68728
-0.971694	0.608936
-1.02001	0.710231
-0.966699	0.631142
-0.898986	0.549342
-0.773188	0.533833
-0.72864	0.588991
-0.834802	0.67729
-0.742112	0.76983
-0.73962	0.644613
-0.736195	0.59823
-0.848055	0.65117
-0.837732	0.743514
-0.904264	0.713243
-0.975721	0.624754
-0.851867	0.536979
-0.922688	0.516349
-0.99966	0.519271
-0.898269	0.489437
-0.833171	0.58869
-0.898124	0.631416
-0.792718	0.585583
-0.713811	0.644623
-0.77719	0.580525
-0.898415	0.643052
-0.804477	0.624502
-0.720332	0.590667
-0.828002	0.545294
-0.812963	0.531872
-0.793639	0.654344
-0.810779	0.57652
-0.711837	0.483811
-0.777806	0.548506
-0.697045	0.622111
-0.789162	0.570198
-0.81486	0.698208
-0.866762	0.633774
-0.836895	0.635946
-0.74718	0.563827
-0.699953	0.570547
-0.656407	0.615045
-0.658174	0.602598
-0.777563	0.679406
-0.789873	0.583539
-0.808908	0.609705
-0.708358	0.699143
-0.585102	0.734956
-0.555869	0.831028
-0.46574	0.95656
-0.586055	0.868776
-0.569599	0.746598
-0.631118	0.697904
-0.756349	0.755092
-0.646742	0.726137
-0.683299	0.641002
-0.608788	0.555227
-0.720997	0.687005
-0.665268	0.579619
-0.652195	0.673974
-0.67218	0.733322
-0.736867	0.751691
-0.6552	0.639995
-0.654632	0.691769
-0.766876	0.613178
-0.717608	0.595445
-0.657337	0.59359
-0.687248	0.583942
-0.60476	0.615419
-0.716822	0.70304
-0.796826	0.592998
-0.766577	0.696312
-0.760062	0.700341
-0.638784	0.627245
-0.663904	0.615787
-0.779075	0.588181
-0.786778	0.669855
-0.838284	0.63927
-0.760124	0.690925
-0.70761	0.708257
-0.750566	0.648517
-0.842152	0.605621
-0.771569	0.598649
-0.778675	0.599333
-0.847447	0.531474
-0.7619	0.568363
-0.768701	0.697956
-0.900594	0.623287
-0.817936	0.702914
-0.834794	0.745508
-0.846741	0.631998
-0.864555	0.684479
-0.893409	0.584676
-0.875027	0.683312
-0.906673	0.648386
-0.828276	0.677757
-0.830437	0.590046
-0.788993	0.54559
-0.86965	0.605579
-0.738397	0.625518
-0.840694	0.57661
-0.792499	0.622784
-0.812725	0.647689
-0.692751	0.751128
-0.778178	0.654291
-0.695569	0.616632
-0.80223	0.708145
-0.89526	0.651025
-0.874149	0.577358
-0.809196	0.696121
-0.712427	0.827774
-0.794284	0.710971
-0.718645	0.702343
-0.774147	0.601333
-0.887492	0.699754
-0.825269	0.646534
-0.693956	0.650334
-0.780286	0.738933
-0.906106	0.658984
-0.965157	0.611689
-0.858987	0.553565
-0.826651	0.633228
-0.716415	0.545202
-0.747176	0.662963
-0.780052	0.587363
-0.727086	0.642411
-0.77314	0.546664
-0.834078	0.573826
-0.92683	0.570002
-0.838323	0.596693
-0.839255	0.564145
-0.73839	0.585867
-0.714106	0.557086
-0.806876	0.491694
-0.93823	0.528745
-0.886207	0.634161
-0.852696	0.696851
-0.922681	0.611855
-0.83814	0.64177
-0.786149	0.768344
-0.666026	0.681533
-0.700812	0.746805
-0.75429	0.651356
-0.701029	0.553218
-0.656738	0.536826
-0.663043	0.535388
-0.775748	0.652112
-0.813213	0.679139
-0.879932	0.707527
-0.813825	0.711897
-0.852267	0.712226
-0.883324	0.755879
-0.82666	0.768454
-0.862802	0.727139
-0.909194	0.599782
-0.860929	0.64574
-0.797909	0.577916
-0.794168	0.664083
-0.813745	0.662307
-0.687782	0.721308
-0.792148	0.74439
-0.921809	0.631284
-0.917078	0.561071
-0.910404	0.605741
-0.783487	0.647326
-0.824762	0.712907
-0.747261	0.756176
-0.825067	0.74707
-0.745098	0.765859
-0.724475	0.67426
-0.804367	0.773099
-0.832396	0.768996
-0.906194	0.715963
-0.821104	0.728784
-0.811492	0.597576
-0.738287	0.607039
-0.75461	0.573671
-0.783899	0.64981
-0.784392	0.587217
-0.813864	0.549296
-0.725569	0.601701
-0.678959	0.562411
-0.701073	0.552203
-0.826956	0.615578
-0.922085	0.546238
-0.833242	0.653915
-0.798567	0.598251
-0.855477	0.574369
-0.87165	0.650418
-0.837795	0.571747
-0.919589	0.567138
-0.849979	0.597997
-0.935293	0.6338
-0.847615	0.707457
-0.83065	0.618389
-0.740034	0.724607
-0.770806	0.703563
-0.720348	0.591049
-0.747686	0.595422
-0.744291	0.535184
-0.832035	0.489074
-0.787262	0.611283
-0.829111	0.512281
-0.775582	0.625424
-0.770971	0.743234
-0.812098	0.723547
-0.733276	0.645153
-0.735217	0.708917
-0.719273	0.716715
-0.73353	0.727068
-0.718299	0.653015
-0.655366	0.784165
-0.768506	0.716971
-0.843149	0.670938
-0.825831	0.599126
-0.836591	0.60792
-0.790749	0.635116
-0.885133	0.569389
-0.775006	0.662927
-0.696543	0.74575
-0.604514	0.785487
-0.52574	0.731525
-0.645415	0.629389
-0.632315	0.567368
-0.697456	0.638577
-0.784651	0.582873
-0.813717	0.607608
-0.838408	0.60366
-0.784028	0.63299
-0.774728	0.530267
-0.707033	0.544352
-0.673144	0.578153
-0.803621	0.708077
-0.711105	0.609028
-0.734368	0.646644
-0.768641	0.627796
-0.825656	0.695546
-0.92129	0.666139
-0.875821	0.57534
-0.810124	0.622046
-0.802354	0.668108
-0.688341	0.667417
-0.769266	0.575694
-0.753106	0.629272
-0.71494	0.566621
-0.723823	0.594689
-0.724248	0.668999
-0.808771	0.585047
-0.791266	0.549046
-0.816814	0.660646
-0.818453	0.584163
-0.908397	0.530752
-0.794849	0.583076
-0.790504	0.588353
-0.774079	0.669013
-0.798916	0.6131
-0.909901	0.582888
-0.797352	0.643328
-0.844276	0.625574
-0.835946	0.589369
-0.795515	0.655963
-0.802559	0.701208
-0.790918	0.708013
-0.666969	0.767915
-0.781476	0.794111
-0.748823	0.681047
-0.726143	0.633208
-0.723392	0.577194
-0.711504	0.594228
-0.831227	0.581731
-0.91019	0.633527
-0.892973	0.694558
-0.945103	0.615328
-0.818012	0.563317
-0.757059	0.5509
-0.829123	0.623963
-0.833575	0.540387
-0.818902	0.577442
-0.91675	0.658193
-0.897628	0.575355
-0.778072	0.551761
-0.666317	0.599336
-0.767205	0.704142
-0.868248	0.681655
-0.758236	0.617256
-0.732131	0.532287
-0.763998	0.622995
-0.739791	0.726135
-0.707748	0.635901
-0.673921	0.69924
-0.716144	0.645335
-0.645384	0.777376
-0.671629	0.749947
-0.695652	0.725428
-0.707573	0.620229
-0.763162	0.602605
-0.696156	0.623352
-0.738077	0.640083
-0.852563	0.679981
-0.943708	0.611799
-0.983306	0.543503
-0.878956	0.635917
-0.840733	0.704672
-0.827706	0.597197
-0.761524	0.603938
-0.861898	0.652376
-0.796056	0.783281
-0.767588	0.669242
-0.774614	0.595797
-0.749801	0.578966
-0.842161	0.60174
-0.864785	0.638678
-0.87796	0.66232
-0.879442	0.593886
-0.78839	0.586544
-0.806597	0.581138
-0.811463	0.617267
-0.819567	0.65672
-0.869789	0.577262
-0.871314	0.566728
-0.819759	0.6572
-0.871039	0.618684
-0.805583	0.590082
-0.765133	0.606759
-0.779992	0.684576
-0.872744	0.564534
-0.892806	0.681787
-0.836857	0.689165
-0.817743	0.669373
-0.901118	0.632436
-0.795697	0.616114
-0.669957	0.560894
-0.769168	0.588567
-0.801181	0.53604
-0.817272	0.600063
-0.928774	0.647419
-0.890641	0.625449
-0.768244	0.53231
-0.892025	0.615159
-0.8	0.633537
-0.886803	0.650319
-0.77386	0.573374
-0.799684	0.589205
-0.720988	0.654221
-0.814966	0.719416
-0.706134	0.711264
-0.752378	0.597924
-0.820968	0.594665
-0.907167	0.659661
-0.836025	0.562588
-0.853225	0.535749
-0.745616	0.580997
-0.721688	0.629812
-0.661627	0.64818
-0.729841	0.557395
-0.722663	0.590591
-0.792287	0.665958
-0.896232	0.617666
-0.813766	0.575582
-0.860061	0.522263
-0.80042	0.528138
-0.827094	0.59455
-0.742989	0.660617
-0.765361	0.628918
-0.696157	0.622423
-0.666822	0.601003
-0.610805	0.658052
-0.654993	0.71952
-0.768149	0.827089
-0.700129	0.773223
-0.651058	0.726813
-0.622904	0.684889
-0.687989	0.753962
-0.704174	0.681358
-0.764166	0.660888
-0.713642	0.625699
-0.801367	0.578549
-0.792506	0.579732
-0.838464	0.623448
-0.867992	0.662288
-0.853151	0.567354
-0.790172	0.56189
-0.780883	0.68304
-0.852783	0.759838
-0.725241	0.769565
-0.837987	0.702829
-0.75814	0.601548
-0.801566	0.629197
-0.725115	0.630245
-0.83433	0.573295
-0.839111	0.573187
-0.850303	0.550234
-0.899375	0.661997
-0.87874	0.655645
-0.833355	0.55746
-0.813025	0.556017
-0.770106	0.615326
-0.825431	0.5973
-0.774945	0.642384
-0.846454	0.582612
-0.794693	0.588837
-0.884074	0.628998
-0.873967	0.732895
-0.751954	0.633274
-0.771897	0.672315
-0.709824	0.651714
-0.703589	0.694434
-0.834356	0.626499
-0.711483	0.713165
-0.647761	0.686779
-0.627761	0.637522
-0.719831	0.679297
-0.838016	0.657363
-0.798117	0.58899
-0.781346	0.613182
-0.82242	0.61973
-0.728653	0.673013
-0.736207	0.663238
-0.681919	0.564753
-0.710384	0.60729
-0.657156	0.621474
-0.724415	0.591036
-0.765706	0.62089
-0.721655	0.751883
-0.733621	0.665117
-0.831285	0.629566
-0.821013	0.632717
-0.806244	0.679095
-0.844078	0.610872
-0.835253	0.630675
-0.863192	0.673227
-0.814303	0.710788
-0.899266	0.613507
-0.81009	0.59597
-0.757253	0.674942
-0.718411	0.586257
-0.775938	0.620628
-0.769319	0.677123
-0.797248	0.606031
-0.738201	0.608237
-0.753866	0.720391
-0.746494	0.63793
-0.74993	0.644933
-0.870772	0.568079
-0.811274	0.543642
-0.751623	0.627528
-0.742511	0.581568
-0.737282	0.657868
-0.842231	0.597253
-0.794436	0.684873
-0.760107	0.606015
-0.781153	0.581431
-0.822338	0.60647
-0.817427	0.642731
-0.757587	0.686515
-0.802857	0.613459
-0.741545	0.654187
-0.780039	0.722712
-0.664433	0.681572
-0.775294	0.710646
-0.852761	0.668271
-0.871217	0.607487
-0.807426	0.699404
-0.87389	0.72126
-0.807439	0.740121
-0.726989	0.64684
-0.798472	0.681508
-0.806337	0.596005
-0.795714	0.627628
-0.773637	0.652584
-0.798116	0.622085
-0.860047	0.707652
-0.819749	0.666615
-0.771524	0.675831
-0.77997	0.6584
-0.762201	0.636114
-0.808841	0.648679
-0.704966	0.631985
-0.782604	0.618576
-0.836737	0.629684
-0.790907	0.607911
-0.696222	0.654257
-0.756967	0.567276
-0.768357	0.654605
-0.675875	0.57736
-0.783606	0.678233
-0.757057	0.638342
-0.822693	0.63327
-0.719977	0.61363
-0.808914	0.643089
-0.822894	0.624807
-0.848562	0.625289
-0.76267	0.608651
-0.660769	0.607043
-0.661624	0.667223
-0.689068	0.678015
-0.776344	0.582442
-0.775226	0.609938
-0.78545	0.583102
-0.733398	0.710951
-0.737944	0.653073
-0.733431	0.664523
-0.813263	0.639415
-0.802259	0.597419
-0.910872	0.656062
-0.79349	0.69071
-0.7948	0.697138
-0.770414	0.698994
-0.675797	0.608577
-0.70896	0.627501
-0.741623	0.689742
-0.758066	0.56514
-0.840745	0.585014
-0.764266	0.637083
-0.812032	0.625811
-0.84374	0.612783
-0.856017	0.643416
-0.739139	0.700081
-0.635736	0.638829
-0.640198	0.711405
-0.764444	0.664426
-0.704338	0.616601
-0.819825	0.70142
-0.809276	0.663995
-0.903568	0.657287
-0.802602	0.661594
-0.755095	0.632281
-0.735843	0.663601
-0.684503	0.615036
-0.781423	0.614067
-0.781581	0.585041
-0.788892	0.579524
-0.805609	0.584046
-0.830528	0.610537
-0.711332	0.675797
-0.702491	0.548267
-0.742573	0.615822
-0.790339	0.562903
-0.849676	0.602334
-0.946627	0.616941
-0.885015	0.64701
-0.835711	0.656595
-0.813453	0.667539
-0.856496	0.661745
-0.760604	0.609732
-0.771014	0.597773
-0.794823	0.603271
-0.815241	0.597933
-0.831703	0.657644
-0.772292	0.612899
-0.686666	0.722299
-0.659839	0.737276
-0.676017	0.664907
-0.695393	0.751026
-0.776585	0.641467
-0.77178	0.606289
-0.808744	0.57503
-0.801455	0.679622
-0.823119	0.687649
-0.759497	0.746745
-0.74356	0.638362
-0.783785	0.567501
-0.725512	0.658216
-0.803003	0.65634
-0.881562	0.605154
-0.813692	0.556592
-0.713213	0.619102
-0.82824	0.604918
-0.742583	0.681932
-0.746209	0.594951
-0.742718	0.604126
-0.698144	0.648764
-0.725105	0.732808
-0.822467	0.697367
-0.883513	0.603689
-0.792246	0.716042
-0.751719	0.641102
-0.79647	0.623913
-0.748728	0.587707
-0.683591	0.592479
-0.666799	0.716234
-0.687422	0.674929
-0.803623	0.645883
-0.828453	0.579181
-0.78502	0.686717
-0.743057	0.606636
-0.790351	0.634103
-0.834606	0.608803
-0.816707	0.579547
-0.74209	0.613147
-0.740968	0.672141
-0.8454	0.576064
-0.744477	0.696533
-0.801381	0.726458
-0.742979	0.651195
-0.706138	0.634359
-0.772354	0.636659
-0.742422	0.622884
-0.845816	0.708512
-0.791482	0.646025
-0.762929	0.660237
-0.733444	0.651941
-0.764038	0.664188
-0.6797	0.669252
-0.725896	0.64057
-0.824698	0.707589
-0.700743	0.647721
-0.706712	0.639883
-0.69065	0.624584
-0.732814	0.555749
-0.800414	0.637813
-0.753243	0.596058
-0.848272	0.643905
-0.777306	0.629527
-0.842496	0.570595
-0.756102	0.644763
-0.79995	0.619687
-0.865947	0.617264
-0.822743	0.602781
-0.749051	0.562608
-0.792816	0.687858
-0.832726	0.671602
-0.894011	0.589624
-0.860811	0.555299
-0.862237	0.684368
-0.808103	0.686697
-0.874925	0.685821
-0.873826	0.660918
-0.764157	0.608389
-0.696917	0.611376
-0.734064	0.603673
-0.694376	0.566156
-0.823125	0.594022
-0.86497	0.624562
-0.80583	0.564203
-0.831094	0.600002
-0.821916	0.653628
-0.81453	0.65018
-0.729633	0.597604
-0.75525	0.634374
-0.757427	0.559967
-0.807399	0.600624
-0.921124	0.698068
-0.854924	0.680633
-0.785338	0.675168
-0.846719	0.683713
-0.727284	0.716278
-0.745127	0.625597
-0.791552	0.585377
-0.76854	0.601515
-0.735459	0.5637
-0.699447	0.640427
-0.693972	0.721293
-0.811217	0.624608
-0.778727	0.686759
-0.762642	0.600002
-0.869124	0.644974
-0.800876	0.583573
-0.790647	0.627818
-0.676004	0.598845
-0.789301	0.643745
-0.809865	0.564901
-0.847431	0.605783
-0.841711	0.673248
-0.911095	0.699883
-0.834012	0.647007
-0.747364	0.704042
-0.787726	0.665039
-0.782965	0.641466
-0.868075	0.673434
-0.839204	0.657389
-0.791975	0.677884
-0.769523	0.678801
-0.871023	0.615803
-0.811744	0.542549
-0.760102	0.610243
-0.844632	0.607397
-0.817314	0.611709
-0.788657	0.586499
-0.817978	0.64236
-0.849427	0.694966
-0.814952	0.638214
-0.849518	0.563728
-0.813406	0.591208
-0.868756	0.572645
-0.765869	0.638089
-0.786087	0.584416
-0.788876	0.623837
-0.809299	0.707168
-0.834953	0.60707
-0.734086	0.584974
-0.722949	0.646435
-0.798879	0.654283
-0.790354	0.575609
-0.714456	0.680138
-0.711689	0.640604
-0.747163	0.668766
-0.750973	0.624768
-0.745941	0.712696
-0.818292	0.705964
-0.828735	0.611603
-0.863317	0.573756
-0.833168	0.648461
-0.761681	0.622538
-0.77363	0.57554
-0.788532	0.595046
-0.826126	0.676882
-0.730613	0.65542
-0.751611	0.557311
-0.664674	0.652627
-0.669871	0.713627
-0.679147	0.610009
-0.743439	0.713189
-0.728403	0.608724
-0.724362	0.695766
-0.753922	0.645444
-0.797361	0.668574
-0.805796	0.618477
-0.798573	0.601946
-0.754464	0.581116
-0.749072	0.660581
-0.756393	0.650237
-0.721556	0.665783
-0.73792	0.628981
-0.7965	0.61419
-0.819308	0.64754
-0.798793	0.612495
-0.84638	0.608881
-0.752171	0.667244
-0.76045	0.64192
-0.715803	0.576207
-0.762477	0.610221
-0.748297	0.691802
-0.724088	0.585664
-0.759265	0.642695
-0.69577	0.598095
-0.747492	0.549889
-0.749741	0.534912
-0.676645	0.577148
-0.672217	0.626307
-0.717349	0.661651
-0.625416	0.763973
-0.642437	0.723699
-0.702388	0.617766
-0.674285	0.642324
-0.730188	0.698083
-0.728971	0.68132
-0.79468	0.61422
-0.847421	0.626509
-0.816518	0.623584
-0.850128	0.609545
-0.852445	0.610482
-0.750462	0.661574
-0.854837	0.59066
-0.815464	0.641077
-0.803688	0.601508
-0.7247	0.628727
-0.685314	0.598427
-0.707215	0.653953
-0.731981	0.682603
-0.739366	0.638383
-0.817252	0.590678
-0.869726	0.576736
-0.83105	0.673706
-0.862779	0.700752
-0.78276	0.637059
-0.798558	0.591586
-0.802193	0.663673
-0.775452	0.666551
-0.678566	0.679438
-0.773098	0.579877
-0.833927	0.583604
-0.772192	0.614665
-0.809985	0.665017
-0.7113	0.642581
-0.808803	0.585121
-0.865028	0.629436
-0.822571	0.694967
-0.806798	0.620591
-0.813274	0.622769
-0.853788	0.625129
-0.815782	0.590408
-0.846521	0.557942
-0.763843	0.641891
-0.805725	0.565054
-0.875789	0.580335
-0.837619	0.586921
-0.820176	0.674483
-0.72137	0.762349
-0.706159	0.672158
-0.788415	0.622334
-0.752498	0.540603
-0.796176	0.532287
-0.719851	0.588782
-0.673487	0.628811
-0.719713	0.610576
-0.761888	0.590527
-0.809171	0.591108
-0.875323	0.61437
-0.847508	0.570513
-0.837607	0.622047
-0.859755	0.578768
-0.810488	0.585924
-0.759018	0.652982
-0.83105	0.640744
-0.808245	0.595762
-0.863942	0.557811
-0.784336	0.630087
-0.767442	0.620919
-0.773277	0.603614
-0.744396	0.624461
-0.736744	0.591552
-0.750186	0.642834
-0.795166	0.665002
-0.757388	0.669765
-0.766475	0.609824
-0.75754	0.636602
-0.765522	0.580031
-0.829334	0.584462
-0.813402	0.587365
-0.817524	0.656956
-0.824565	0.582041
-0.782027	0.574821
-0.728084	0.643238
-0.746429	0.611839
-0.756136	0.669491
-0.738845	0.651759
-0.822066	0.576116
-0.765858	0.591837
-0.728287	0.607639
-0.731142	0.637853
-0.773915	0.653471
-0.695097	0.716502
-0.742466	0.656644
-0.723342	0.664275
-0.753362	0.609846
-0.757663	0.592102
-0.802833	0.621368
-0.830772	0.651645
-0.826229	0.573092
-0.811559	0.644143
-0.863565	0.58768
-0.860216	0.595047
-0.824121	0.632184
-0.794559	0.617287
-0.854991	0.645834
-0.785178	0.645105
-0.727449	0.615784
-0.788697	0.626336
-0.808553	0.610345
-0.806177	0.631453
-0.809934	0.592542
-0.771057	0.579068
-0.775732	0.636063
-0.748038	0.594637
-0.719352	0.642169
-0.663401	0.678395
-0.737921	0.682682
-0.779277	0.701653
-0.741505	0.703239
-0.803147	0.678382
-0.746522	0.665017
-0.773642	0.595517
-0.80041	0.62912
-0.781416	0.608076
-0.719188	0.627889
-0.728111	0.646524
-0.683955	0.614551
-0.719557	0.57282
-0.784392	0.631803
-0.743084	0.650121
-0.761103	0.672711
-0.71134	0.670029
-0.718559	0.635563
-0.737796	0.648754
-0.790993	0.651136
-0.763927	0.631344
-0.79498	0.581754
-0.764979	0.622272
-0.82828	0.612844
-0.880868	0.601485
-0.886605	0.585152
-0.820965	0.633896
-0.841127	0.641426
-0.845674	0.586858
-0.793662	0.616742
-0.835464	0.630921
-0.835032	0.621396
-0.768324	0.605638
-0.727026	0.670836
-0.757704	0.629414
-0.813443	0.621877
-0.863955	0.665501
-0.79722	0.683918
-0.819974	0.720398
-0.780012	0.689092
-0.809335	0.684569
-0.781156	0.619988
-0.767555	0.582545
-0.793526	0.594041
-0.725221	0.585469
-0.728464	0.577517
-0.736576	0.595435
-0.713345	0.579853
-0.747976	0.569298
-0.814507	0.592267
-0.845492	0.649799
-0.794703	0.621006
-0.79796	0.656779
-0.85878	0.641601
-0.806827	0.615219
-0.744638	0.654009
-0.72098	0.608948
-0.782292	0.667266
-0.766439	0.718428
-0.753442	0.726628
-0.732285	0.659435
-0.785046	0.650827
-0.738691	0.595988
-0.710482	0.617498
-0.743679	0.676756
-0.80786	0.614769
-0.871482	0.629761
-0.832749	0.627616
-0.811519	0.611637
-0.799742	0.614781
-0.817416	0.644369
-0.753387	0.617328
-0.744221	0.617495
-0.792778	0.548232
-0.728516	0.55483
-0.72767	0.599646
-0.773159	0.577328
-0.746819	0.612534
-0.77829	0.587328
-0.815305	0.585317
-0.818855	0.648669
-0.82397	0.689317
-0.818385	0.720411
-0.830238	0.670346
-0.831582	0.659878
-0.773049	0.627563
-0.753267	0.6598
-0.772394	0.647432
-0.755858	0.636211
-0.762022	0.611824
-0.821834	0.661915
-0.836713	0.6611
-0.779433	0.613915
-0.821179	0.676314
-0.820448	0.677159
-0.756696	0.680255
-0.801575	0.700873
-0.742558	0.656343
-0.752544	0.629453
-0.736679	0.609694
-0.783402	0.671949
-0.805922	0.678331
-0.757371	0.654074
-0.734109	0.607615
-0.688251	0.661295
-0.736149	0.657956
-0.766887	0.591733
-0.779541	0.576463
-0.766955	0.619151
-0.778039	0.656431
-0.76487	0.629969
-0.751568	0.658927
-0.735704	0.6597
-0.783785	0.676658
-0.808726	0.724367
-0.832021	0.733664
-0.819617	0.672929
-0.761051	0.688374
-0.803147	0.628387
-0.746495	0.693277
-0.751597	0.647953
-0.758235	0.615186
-0.78223	0.611896
-0.846918	0.677734
-0.900559	0.611312
-0.896434	0.635414
-0.857024	0.703222
-0.834361	0.676155
-0.798599	0.655434
-0.799651	0.721001
-0.807745	0.684761
-0.77448	0.620008
-0.835113	0.587455
-0.813158	0.57426
-0.744011	0.583391
-0.712976	0.614691
-0.779695	0.632003
-0.833259	0.631483
-0.804968	0.599317
-0.770443	0.575599
-0.820701	0.623792
-0.79319	0.615281
-0.753797	0.60227
-0.787606	0.572143
-0.777236	0.630916
-0.815365	0.613058
-0.771081	0.679278
-0.777151	0.615602
-0.745827	0.638594
-0.787104	0.6074
-0.764569	0.642648
-0.793268	0.692475
-0.771339	0.633673
-0.740014	0.56818
-0.761714	0.615598
-0.77227	0.629715
-0.73301	0.636766
-0.727204	0.571097
-0.719994	0.556477
-0.787316	0.526967
-0.777883	0.542072
-0.825161	0.54068
-0.799278	0.583003
-0.852166	0.601109
-0.86313	0.624489
-0.84729	0.633642
-0.798677	0.629726
-0.778715	0.603193
-0.764805	0.618005
-0.828534	0.590834
-0.792092	0.631862
-0.797927	0.634963
-0.72843	0.613591
-0.705118	0.604075
-0.77025	0.623232
-0.786459	0.603692
-0.785981	0.563421
-0.854402	0.585999
-0.835737	0.621786
-0.798784	0.681181
-0.83767	0.626186
-0.803149	0.595565
-0.811922	0.637081
-0.818673	0.638399
-0.804901	0.61206
-0.852336	0.595157
-0.805021	0.554596
-0.810245	0.532805
-0.787647	0.587438
-0.753552	0.607397
-0.750681	0.626993
-0.738947	0.623069
-0.772164	0.620941
-0.718624	0.611387
-0.757544	0.626054
-0.797563	0.675291
-0.79405	0.641221
-0.846944	0.625134
-0.8218	0.630739
-0.795739	0.626177
-0.800989	0.600175
-0.819559	0.626215
-0.803812	0.662209
-0.76273	0.605198
-0.808483	0.645669
-0.847547	0.600331
-0.787641	0.61053
-0.84063	0.663156
-0.782189	0.677288
-0.803074	0.621489
-0.784792	0.639541
-0.766552	0.666333
-0.835702	0.621999
-0.799232	0.642661
-0.804136	0.622943
-0.763112	0.681575
-0.807638	0.645815
-0.743614	0.591415
-0.747611	0.611181
-0.797404	0.57118
-0.803674	0.596968
-0.748593	0.615139
-0.740073	0.630161
-0.702935	0.600565
-0.732881	0.577274
-0.795416	0.598043
-0.80683	0.601714
-0.822817	0.577928
-0.778811	0.588625
-0.782896	0.630767
-0.817275	0.663009
-0.853089	0.620958
-0.805273	0.595864
-0.774933	0.602258
-0.778857	0.629897
-0.783598	0.658573
-0.851793	0.623516
-0.823286	0.612601
-0.795379	0.636099
-0.820382	0.62168
-0.813886	0.667493
-0.780384	0.712294
-0.766963	0.651582
-0.824443	0.631063
-0.775544	0.662878
-0.798594	0.594152
-0.804339	0.631498
-0.823987	0.630863
-0.812765	0.581881
-0.771061	0.61941
-0.80472	0.592651
-0.81943	0.608139
-0.821603	0.589984
-0.762334	0.644459
-0.78656	0.62904
-0.808474	0.666967
-0.796551	0.658495
-0.774714	0.599506
-0.761263	0.645829
-0.817713	0.608673
-0.817585	0.583891
-0.811762	0.614132
-0.748701	0.58702
-0.764569	0.639136
-0.812277	0.573947
-0.769402	0.615758
-0.752652	0.656519
-0.771411	0.6771
-0.787961	0.637668
-0.816943	0.615413
-0.779781	0.583891
-0.769181	0.591492
-0.763017	0.642163
-0.725319	0.641281
-0.788798	0.63569
-0.830568	0.618061
-0.816849	0.58048
-0.856053	0.593622
-0.875266	0.610193
-0.900915	0.610747
-0.866219	0.663711
-0.881099	0.632594
-0.84197	0.627582
-0.818905	0.615062
-0.858404	0.6147
-0.810243	0.610015
-0.808646	0.623349
-0.817477	0.611082
-0.802371	0.614015
-0.776499	0.637805
-0.778807	0.65948
-0.793729	0.650775
-0.794204	0.657979
-0.844497	0.637488
-0.842464	0.625237
-0.873244	0.647307
-0.892549	0.679321
-0.886517	0.643044
-0.932638	0.630788
-0.876601	0.661499
-0.829405	0.645148
-0.80283	0.590604
-0.780738	0.646807
-0.813622	0.648006
-0.771411	0.626827
-0.787931	0.638717
-0.751185	0.59691
-0.7485	0.63749
-0.710953	0.626817
-0.738523	0.619494
-0.761951	0.64846
-0.795913	0.610386
-0.762681	0.655677
-0.757149	0.614986
-0.787302	0.612976
-0.827377	0.599105
-0.798564	0.63172
-0.7904	0.607903
-0.746463	0.652065
-0.754456	0.672865
-0.779073	0.639596
-0.773938	0.601182
-0.781772	0.630444
-0.770509	0.595352
-0.805009	0.605646
-0.82408	0.621976
-0.798564	0.591067
-0.79232	0.588222
-0.801832	0.599842
-0.8448	0.575582
-0.868541	0.562872
-0.838102	0.581855
-0.841077	0.580426
-0.823563	0.594322
-0.848422	0.600011
-0.837906	0.63168
-0.870886	0.601402
-0.874747	0.601033
-0.887406	0.598092
-0.899685	0.61027
-0.87045	0.583749
-0.854541	0.571571
-0.858831	0.583139
-0.850454	0.583306
-0.820732	0.598155
-0.81238	0.607342
-0.846115	0.637464
-0.853134	0.626269
-0.860057	0.613989
-0.853548	0.604122
-0.820957	0.596899
-0.784274	0.63241
-0.776199	0.611376
-0.756142	0.617111
-0.773363	0.608649
-0.776245	0.634976
-0.767575	0.63982
-0.735682	0.628916
-0.753076	0.59856
-0.729853	0.621527
-0.754647	0.634264
-0.790793	0.607203
-0.797203	0.573606
-0.780192	0.563102
-0.75581	0.597336
-0.767734	0.608462
-0.783875	0.637384
-0.766015	0.634291
-0.781989	0.625975
-0.807805	0.646657
-0.805819	0.640074
-0.793018	0.637786
-0.803343	0.639282
-0.784244	0.604043
-0.771128	0.61523
-0.797937	0.598837
-0.824663	0.635901
-0.850475	0.616565
-0.85893	0.621703
-0.828222	0.613525
-0.792193	0.618853
-0.817747	0.621256
-0.800326	0.58658
-0.82305	0.619528
-0.820091	0.617257
-0.852013	0.606685
-0.877937	0.609906
-0.887615	0.612754
-0.875263	0.631912
-0.854702	0.647377
-0.827556	0.66934
-0.821123	0.656168
-0.846431	0.624097
-0.809558	0.633232
-0.781521	0.663428
-0.794854	0.654522
-0.761941	0.647004
-0.728812	0.64393
-0.743603	0.664849
-0.758704	0.646119
-0.729315	0.625215
-0.74304	0.62187
-0.742439	0.620608
-0.723043	0.596638
-0.759658	0.595534
-0.786098	0.603542
-0.778977	0.624928
-0.761064	0.623294
-0.787313	0.60413
-0.76568	0.571794
-0.769076	0.587925
-0.732809	0.599869
-0.768112	0.625505
-0.785741	0.62472
-0.786667	0.662026
-0.817835	0.658345
-0.801331	0.653708
-0.838126	0.616968
-0.821828	0.623975
-0.791042	0.605077
-0.79718	0.622597
-0.792953	0.643452
-0.790024	0.674762
-0.76426	0.67329
-0.743599	0.650989
-0.750207	0.655957
-0.755195	0.645575
-0.755229	0.66875
-0.732679	0.635864
-0.747487	0.65641
-0.768933	0.636593
-0.752676	0.659362
-0.767336	0.668851
-0.790356	0.680722
-0.753722	0.656941
-0.756639	0.680303
-0.786326	0.655275
-0.758154	0.651316
-0.737723	0.620205
-0.754947	0.587663
-0.729061	0.617878
-0.762565	0.651943
-0.737112	0.68139
-0.702613	0.652366
-0.737484	0.632564
-0.758121	0.64142
-0.77756	0.66099
-0.76726	0.644503
-0.773858	0.640455
-0.76369	0.612563
-0.75371	0.616463
-0.790716	0.610539
-0.766446	0.587524
-0.797374	0.607053
-0.802907	0.593436
-0.797193	0.62474
-0.806185	0.601907
-0.826479	0.606748
-0.857596	0.600093
-0.853078	0.576833
-0.846967	0.60998
-0.811651	0.639139
-0.817685	0.603369
-0.834048	0.59319
-0.8211	0.59893
-0.838088	0.609769
-0.816452	0.611228
-0.808452	0.646636
-0.796768	0.659076
-0.807025	0.635372
-0.774709	0.662773
-0.77027	0.682887
-0.80053	0.650219
-0.766284	0.630808
-0.789502	0.633563
-0.785512	0.626693
-0.759194	0.653693
-0.749924	0.682657
-0.754277	0.68658
-0.781132	0.658425
-0.818292	0.636394
-0.847133	0.627065
-0.87189	0.603348
-0.83548	0.610545
-0.800785	0.611499
-0.78558	0.628603
-0.774649	0.611943
-0.778902	0.617841
-0.805318	0.59451
-0.772334	0.589515
-0.78124	0.598362
-0.758018	0.633588
-0.784341	0.640462
-0.799204	0.623663
-0.816922	0.624582
-0.781952	0.631879
-0.799195	0.64129
-0.799241	0.631186
-0.795577	0.614647
-0.807509	0.618274
-0.783195	0.648801
-0.804385	0.630117
-0.790438	0.648294
-0.760639	0.61322
-0.768291	0.606665
-0.781806	0.59938
-0.80184	0.619778
-0.829255	0.587273
-0.816763	0.589374
-0.846437	0.603595
-0.82032	0.584445
-0.811757	0.587265
-0.805777	0.623191
-0.818883	0.60208
-0.834535	0.607889
-0.84252	0.613677
-0.843994	0.605489
-0.829778	0.576551
-0.839005	0.592709
-0.805844	0.611305
-0.818344	0.60875
-0.808167	0.587976
-0.802284	0.590892
-0.801799	0.626632
-0.780846	0.638691
-0.748845	0.643534
-0.767685	0.656017
-0.734044	0.645698
-0.758221	0.645333
-0.788649	0.667889
-0.766884	0.648378
-0.737699	0.640527
-0.737989	0.60396
-0.738511	0.628976
-0.773617	0.615098
-0.783223	0.639622
-0.799446	0.641777
-0.811436	0.624074
-0.7751	0.605323
-0.766986	0.630365
-0.776479	0.641624
-0.774696	0.653908
-0.756842	0.628079
-0.791298	0.643096
-0.772348	0.628093
-0.749239	0.660575
-0.786031	0.645156
-0.805997	0.636456
-0.778971	0.607305
-0.755727	0.608634
-0.787621	0.593378
-0.776855	0.611262
-0.741309	0.645472
-0.763943	0.628696
-0.789938	0.617432
-0.772273	0.622897
-0.794486	0.617755
-0.770865	0.638766
-0.791071	0.662989
-0.820577	0.661151
-0.795348	0.655176
-0.789419	0.654498
-0.817602	0.62762
-0.787676	0.645409
-0.817664	0.644705
-0.79438	0.650997
-0.811265	0.650634
-0.832016	0.620441
-0.821619	0.593246
-0.814857	0.619889
-0.820089	0.607858
-0.799823	0.581948
-0.819161	0.606984
-0.824916	0.577428
-0.82346	0.575018
-0.841846	0.582504
-0.841761	0.611988
-0.856611	0.612418
-0.832362	0.613641
-0.825287	0.616406
-0.850694	0.610651
-0.821134	0.607949
-0.808163	0.608997
-0.794318	0.593693
-0.799702	0.615817
-0.813751	0.626352
-0.818829	0.635998
-0.821281	0.63695
-0.843887	0.621391
-0.8459	0.602728
-0.85019	0.62261
-0.848657	0.601621
-0.838743	0.592965
-0.826311	0.590658
-0.810566	0.596741
-0.818042	0.606885
-0.795077	0.621993
-0.795509	0.615315
-0.797141	0.597098
-0.799381	0.608296
-0.79476	0.628426
-0.803484	0.627856
-0.800052	0.643421
-0.789121	0.648322
-0.79931	0.643101
-0.808374	0.620598
-0.803741	0.61834
-0.787967	0.616025
-0.789814	0.61196
-0.781217	0.598504
-0.801574	0.6169
-0.813876	0.629958
-0.793075	0.621593
-0.795145	0.641129
-0.795786	0.626529
-0.799932	0.625123
-0.804951	0.649628
-0.825409	0.626464
-0.835817	0.634109
-0.845961	0.636625
-0.843925	0.642333
-0.837245	0.620467
-0.841553	0.607352
-0.835017	0.60122
-0.84031	0.61034
-0.856625	0.587324
-0.880326	0.608495
-0.878082	0.611963
-0.888438	0.618787
-0.867963	0.616184
-0.852937	0.618803
-0.829372	0.606223
-0.821744	0.591249
-0.817014	0.613038
-0.810667	0.605687
-0.832731	0.617354
-0.847624	0.62128
-0.846353	0.598277
-0.848643	0.60594
-0.85246	0.611195
-0.847336	0.612282
-0.841921	0.635931
-0.819445	0.615798
-0.809776	0.606624
-0.822066	0.608116
-0.825751	0.621273
-0.821599	0.60064
-0.824735	0.592166
-0.809544	0.609622
-0.78769	0.618871
-0.783981	0.615108
-0.804854	0.635573
-0.821368	0.643241
-0.824605	0.666233
-0.808471	0.654265
-0.807754	0.643815
-0.813097	0.65741
-0.835389	0.659935
-0.828216	0.642757
-0.818304	0.620621
-0.810821	0.617787
-0.786427	0.626587
-0.79989	0.636287
-0.814627	0.635236
-0.808712	0.630544
-0.787282	0.639771
-0.799885	0.657557
-0.814807	0.647657
-0.820582	0.63756
-0.81706	0.633046
-0.79788	0.627798
-0.787244	0.609067
-0.790082	0.595007
-0.766228	0.61933
-0.775839	0.615416
-0.788161	0.611234
-0.812455	0.620026
-0.812894	0.624342
-0.836282	0.606077
-0.818229	0.591884
-0.841994	0.609002
-0.827698	0.61667
-0.820717	0.60792
-0.802298	0.617818
-0.790673	0.60862
-0.787826	0.597219
-0.774829	0.59125
-0.765407	0.576644
-0.755327	0.591115
-0.741724	0.608031
-0.765707	0.625532
-0.78763	0.648709
-0.795751	0.636276
-0.812666	0.61348
-0.80693	0.628035
-0.8031	0.620614
-0.812717	0.612203
-0.79678	0.618493
-0.806752	0.620823
-0.795964	0.60716
-0.783534	0.630884
-0.796524	0.640099
-0.804609	0.660071
-0.789949	0.643808
-0.804281	0.62728
-0.803148	0.645248
-0.791715	0.657402
-0.776453	0.646514
-0.76483	0.642058
-0.769148	0.659836
-0.773674	0.639034
-0.758746	0.626915
-0.760208	0.609063
-0.762301	0.61871
-0.786422	0.632755
-0.805149	0.617012
-0.823781	0.62287
-0.827299	0.626736
-0.82958	0.608241
-0.818897	0.604995
-0.808346	0.600348
-0.806657	0.586462
-0.815081	0.603161
-0.820146	0.612879
-0.80548	0.616786
-0.787474	0.609011
-0.799246	0.618791
-0.817507	0.620411
-0.807681	0.607043
-0.809441	0.623454
-0.821851	0.625387
-0.823384	0.644012
-0.827916	0.650801
-0.824622	0.664814
-0.832718	0.660923
-0.822594	0.665303
-0.826881	0.64907
-0.83126	0.668859
-0.84299	0.655947
-0.854978	0.665746
-0.854542	0.662537
-0.84594	0.647699
-0.832134	0.654831
-0.835035	0.663743
-0.833609	0.66624
-0.836777	0.656053
-0.846966	0.66933
-0.83953	0.666522
-0.834769	0.652508
-0.821843	0.668229
-0.80923	0.653246
-0.808392	0.638193
-0.807687	0.63294
-0.801304	0.627748
-0.803719	0.618511
-0.8178	0.615706
-0.81405	0.628307
-0.827675	0.642742
-0.814799	0.643683
-0.811086	0.63302
-0.817089	0.625028
-0.81052	0.629846
-0.805516	0.620976
-0.790013	0.635547
-0.792657	0.620019
-0.804931	0.622041
-0.799344	0.621184
-0.788032	0.611702
-0.781714	0.608135
-0.767999	0.61114
-0.773072	0.616791
-0.765948	0.624622
-0.755411	0.627757
-0.741676	0.617525
-0.73316	0.629329
-0.744388	0.626174
-0.75552	0.639307
-0.743562	0.642749
-0.736234	0.632324
-0.734246	0.638213
-0.740829	0.641374
-0.73647	0.629909
-0.746604	0.618566
-0.758745	0.611296
-0.762135	0.617172
-0.752545	0.612029
-0.755082	0.601143
-0.761053	0.60744
-0.763368	0.603342
-0.773179	0.599305
-0.783929	0.61132
-0.770453	0.599385
-0.76314	0.598984
-0.772873	0.611728
-0.777748	0.618728
-0.780349	0.617214
-0.78171	0.619893
-0.790349	0.628668
-0.778116	0.62203
-0.781298	0.63318
-0.782953	0.630391
-0.78918	0.62573
-0.777742	0.616706
-0.776467	0.609537
-0.78388	0.601358
-0.780871	0.590442
-0.793781	0.601767
-0.798224	0.59436
-0.788911	0.602004
-0.777685	0.593142
-0.771569	0.592157
-0.781439	0.599669
-0.772587	0.609343
-0.778351	0.621874
-0.783943	0.620161
-0.791238	0.618489
-0.786565	0.618613
-0.795997	0.622578
-0.802181	0.620636
-0.78939	0.612214
-0.784093	0.612159
-0.780872	0.61176
-0.785184	0.606537
-0.784845	0.609297
-0.788695	0.604461
-0.789499	0.612024
-0.7815	0.621499
-0.771207	0.621414
-0.768057	0.627404
-0.772828	0.619193
-0.774763	0.616228
-0.778948	0.606145
-0.776599	0.615307
-0.772143	0.616374
-0.781917	0.620946
-0.779864	0.628564
-0.769964	0.62804
-0.773951	0.620072
-0.781261	0.626506
-0.790146	0.634844
-0.783974	0.638482
-0.789942	0.645017
-0.784455	0.637446
-0.776272	0.63879
-0.774863	0.638475
-0.775865	0.631544
-0.771775	0.637551
-0.767376	0.629799
-0.768523	0.630873
-0.762382	0.633186
-0.754449	0.635966
-0.760531	0.634781
-0.752239	0.628142
-0.757811	0.623215
-0.754582	0.629989
-0.760414	0.625888
-0.75851	0.621307
-0.757711	0.618036
-0.758343	0.610159
-0.76058	0.608303
-0.756353	0.612338
-0.762274	0.610292
-0.756485	0.605538
-0.75993	0.606881
-0.759584	0.604461
-0.752801	0.609527
-0.746302	0.604526
-0.744216	0.605748
-0.750847	0.607848
-0.753227	0.614377
-0.756137	0.615031
-0.752732	0.615819
-0.754875	0.618723
-0.748062	0.617329
-0.749351	0.615609
-0.754749	0.622444
-0.758295	0.622261
-0.762016	0.627186
-0.767623	0.620802
-0.766103	0.619216
-0.772232	0.619667
-0.771398	0.614213
-0.767515	0.616399
-0.770183	0.610357
-0.766434	0.607948
-0.766583	0.608529
-0.769704	0.612111
-0.767979	0.612012
-0.766932	0.614033
-0.761355	0.618675
-0.761798	0.616175
-0.765106	0.618468
-0.764656	0.618214
-0.768435	0.61303
-0.771625	0.60853
-0.769485	0.612264
-0.76725	0.614951
-0.765492	0.619403
-0.764491	0.614272
-0.766966	0.610008
-0.766719	0.610054
-0.766666	0.610786
-0.764539	0.606168
-0.766362	0.600629
-0.769684	0.605704
-0.77133	0.610294
-0.77327	0.606336
-0.774244	0.61087
-0.773257	0.610703
-0.775376	0.606068
-0.776889	0.610135
-0.777987	0.614268
-0.780811	0.616458
-0.782188	0.614842
-0.787695	0.613779
-0.787254	0.616121
-0.786966	0.617501
-0.791153	0.618139
-0.793844	0.616231
-0.793212	0.613097
-0.796707	0.612216
-0.79705	0.61626
-0.800091	0.612992
-0.802036	0.609669
-0.797508	0.610896
-0.799278	0.609732
-0.79931	0.608622
-0.801125	0.608115
-0.80489	0.609264
-0.804343	0.606686
-0.801759	0.609545
-0.800306	0.611352
-0.797164	0.61396
-0.799557	0.61236
-0.802938	0.61499
-0.802608	0.615772
-0.805235	0.618336
-0.801617	0.617212
-0.802781	0.61973
-0.804273	0.621023
-0.804136	0.621944
-0.807691	0.62542
-0.809599	0.624241
-0.806409	0.623459
-0.808438	0.623787
-0.807265	0.625625
-0.807435	0.627604
-0.806086	0.628302
-0.807884	0.627914
-0.810872	0.624351
-0.81089	0.621684
-0.813353	0.624135
-0.811295	0.624128
-0.812118	0.625108
-0.814234	0.627439
-0.813935	0.628338
-0.814573	0.628456
-0.813792	0.628981
-0.813745	0.629817
-0.813387	0.62869
-0.81326	0.62956
-0.812536	0.628914
-0.812513	0.629653
-0.813474	0.630398
-0.813166	0.630168
-0.813227	0.629946
-0.813077	0.629874
-0.813222	0.62984
-0.813514	0.630267
-0.813158	0.629981
-0.813607	0.63009
-0.813714	0.630311
-0.813856	0.630392
-0.813893	0.630365
-0.81402	0.630423
-0.81409	0.630533
-0.814186	0.630475
-0.814153	0.630546
-0.81424	0.630481
-0.814163	0.630489
