         0.82971      -0.0999601       -0.269418
        0.536447       -0.699908        0.763428
        0.980369        0.320175       -0.938512
        -1.28495        -2.03552       -0.814905
        0.212629       -0.742222      -0.0447542
       -0.100863      -0.0454546       -0.613563
       -0.550818        -1.31462        0.423372
         0.63497        0.271506        -1.74895
       -0.384028      -0.0181715       -0.861639
        0.430852         1.54783       -0.628756
       -0.241313       -0.707033          0.0699
      -0.0431606       -0.155682        0.600982
        -1.14848      -0.0783637         2.18315
        0.209824     -0.00774086        -1.58249
       -0.815452      -0.0786279        0.652271
       -0.599467          -1.143        -1.35245
        0.414477        -1.60258       -0.381968
       -0.454786         0.12613        0.169068
      -0.0732733         1.16365         1.08388
       -0.087901         1.49914         1.70671
        0.822361        0.654973       -0.117877
       -0.702226        0.252092        0.166777
        0.135455        0.601749      -0.0988058
       -0.254963      -0.0567873       -0.648349
        0.498209        0.097339         1.60063
       -0.430769        0.292825         1.05174
        0.472108       -0.159769       -0.870689
        0.666532         0.30295        -1.48717
         -1.2721       -0.214775         0.12081
        -1.99045        0.395023       -0.980106
         1.27569         1.39106         1.08233
      -0.0898111         -1.0482      -0.0285665
       0.0415526       -0.340002      0.00580766
      -0.0616635       -0.566133        -1.36494
        0.547232        0.163368        0.689264
       -0.839125         0.63265        0.979582
        -1.17447        -1.43869       -0.227589
        -0.15781         1.08623         1.27988
        0.310331        0.599247       -0.711026
        0.442191        0.564604        0.777635
       0.0283757       -0.326587         1.06812
        0.888621       -0.815581       -0.134674
       -0.230825        0.661199       -0.984974
        0.559147        0.570503      -0.0815803
        0.584364         2.15674         1.00603
       -0.585918       -0.879592       0.0479174
          1.5466       -0.202614        0.501276
        0.675012         1.73083        0.521981
         0.41746        0.988976       -0.397653
       -0.968756       -0.636042        0.955284
       -0.866159       -0.930847         1.02631
        0.309452         1.35533       -0.648562
       -0.394244       -0.669935       -0.588319
         1.62423         1.46784         1.44425
        -1.34455        -1.24284        -1.19804
         1.14111       -0.347664         1.01151
        0.535977        0.995335         1.52157
         1.60522        0.141417        0.112603
        0.488046        -2.27863        0.731475
       0.0366047       -0.956306       -0.227101
      0.00498275        -0.88813        -1.01662
        -1.93422         0.25117        0.612393
       -0.963884      0.00649653        -1.17857
         1.27367         2.11064       -0.490798
       -0.829673         1.68154         1.47204
      -0.0447392        -1.98874       -0.311894
         0.33175        -1.09564        0.580329
       -0.143885       -0.726363        0.429366
       -0.498021       -0.919675        0.789527
       -0.629367        0.235887       -0.665831
       -0.504102       -0.572614       -0.105575
        0.261304       -0.121071         1.04951
       -0.324298        -1.96156        0.282454
        0.958105       -0.123833       -0.290023
        0.502567         1.07386       -0.442353
       -0.824107         1.10807       -0.394135
       0.0797826        0.225578       -0.101938
       -0.622606         1.19538       -0.809445
         1.27244       -0.705537        0.872386
        -1.37312        0.835967        -2.19744
        -0.80543        0.686166       -0.508417
        -2.51856       -0.134835        0.120847
         3.13623       -0.140374       -0.926175
       -0.481475       -0.310713         1.09117
        -1.16738       -0.897393       -0.482139
       -0.175066        0.138917       -0.788424
       -0.128983         1.28966        0.261182
     0.000879446        -0.58153        0.304252
       -0.151378         -1.6621       -0.367606
       -0.201827        -1.20293        0.614721
       -0.692287        0.340946        -1.10193
      -0.0228309        0.201148         0.96144
        0.430936       -0.444811        0.070904
        -1.93399       -0.121376        -1.26885
         1.92947       -0.534997       0.0289838
       -0.292949       -0.100273         -1.8386
        0.818202        0.447081      -0.0789431
        0.396148         1.31159        0.732599
        0.646733       -0.162289       -0.851161
        0.677533        0.360927       -0.823738
         1.09682        0.202499        0.111745
         1.29329         1.02523       -0.230949
       -0.743546       -0.298719        0.433622
        -1.56792        0.296912        0.205331
        0.994192         1.10882       -0.667596
        -0.45398         1.52153         1.43468
       -0.301732       -0.992712       -0.248227
         1.47348        -1.15867        0.405778
