1	13.43	15.769
2	11.8915	14.3186
3	11.8915	13.7137
4	11.4161	12.5983
5	10.93	11.8685
6	10.9137	11.7182
7	10.9137	11.599
8	10.6789	11.4419
9	10.5442	11.338
10	10.5442	11.098
11	10.5442	10.9962
12	10.5442	10.8893
13	10.3094	10.8307
14	10.3094	10.7805
15	10.0326	10.7505
16	9.79295	10.6937
17	9.68621	10.5699
18	9.64583	10.4127
19	9.64583	10.2074
20	9.466	10.0058
21	9.466	9.86989
22	9.466	9.86452
23	9.25332	9.75315
24	9.25332	9.71947
25	9.25332	9.71161
26	9.25332	9.70288
27	9.25332	9.64611
28	9.10023	9.65279
29	9.34672	9.65349
30	8.77099	9.63574
31	8.65097	9.56147
32	8.65097	9.48525
33	8.61533	9.35779
34	8.61533	9.29257
35	8.59312	9.19875
36	8.54659	9.15318
37	8.39722	8.94839
38	8.39722	8.87354
39	8.39722	8.72554
40	8.39715	8.6946
41	8.39715	8.67234
42	8.39715	8.66121
43	8.39715	8.63832
44	8.16468	8.66689
45	8.16468	8.63194
46	8.16468	8.61553
47	8.11942	8.59674
48	8.11942	8.61534
49	8.11942	8.5895
50	8.11942	8.59717
51	8.11942	8.5765
52	8.11942	8.51664
53	8.11942	8.45083
54	7.89166	8.41459
55	7.89166	8.35004
56	7.89166	8.26438
57	7.89166	8.22597
58	7.87456	8.1828
59	7.87456	8.13302
60	7.56153	8.03038
61	7.65741	8.02774
62	7.56308	7.97143
63	7.56308	7.93605
64	7.53376	7.9313
65	7.53376	7.93661
66	7.48019	7.94201
67	7.48019	7.93937
68	7.48019	7.89921
69	7.45338	7.85708
70	7.43756	7.8664
71	7.29071	7.83626
72	7.29071	7.84141
73	7.29071	7.77893
74	7.35291	7.72377
75	7.23317	7.65746
76	7.23317	7.5853
77	7.23317	7.53191
78	7.23317	7.51076
79	7.23317	7.46876
80	7.14406	7.45689
81	7.14406	7.38231
82	7.10681	7.41339
83	7.20753	7.4147
84	7.20753	7.40789
85	7.19698	7.40477
86	7.07747	7.40706
87	7.07747	7.40201
88	7.19698	7.38294
89	7.19698	7.40387
90	7.19698	7.39998
91	7.06798	7.37815
92	7.06798	7.39229
93	7.06798	7.40566
94	7.06798	7.46873
95	7.06798	7.47756
96	7.01441	7.38436
97	6.90146	7.34233
98	7.02945	7.34332
99	6.70476	7.30745
100	6.70476	7.26535
101	6.70476	7.27531
102	6.95479	7.27227
103	6.95015	7.19714
104	6.69494	7.18834
105	6.69494	7.16056
106	6.69494	7.16883
107	6.84126	7.19146
108	6.84126	7.19532
109	6.84126	7.1766
110	6.84126	7.1883
111	6.84126	7.18292
112	6.84126	7.17001
113	6.84126	7.07094
114	6.84126	7.06208
115	6.84126	7.0176
116	6.84126	7.01459
117	6.69494	7.05098
118	6.69494	7.06222
119	6.69494	7.03378
120	6.69494	7.04343
121	6.69494	7.01176
122	6.69494	6.96222
123	6.69494	6.85931
124	6.69494	6.84532
125	6.69494	6.83258
126	6.69494	6.85058
127	6.69494	6.82343
128	6.69494	6.79879
129	6.69494	6.79716
130	6.69494	6.78194
131	6.68578	6.77804
132	6.69494	6.77138
133	6.69494	6.7714
134	6.62628	6.76436
135	6.62628	6.74914
136	6.62628	6.74573
137	6.62628	6.73759
138	6.62628	6.74763
139	6.62628	6.74337
140	6.62628	6.73727
141	6.62628	6.75053
142	6.69494	6.7299
143	6.55106	6.71866
144	6.55106	6.7041
145	6.55106	6.70617
146	6.62628	6.7035
147	6.62628	6.70142
148	6.62628	6.69747
149	6.62628	6.7159
150	6.62628	6.70395
151	6.57879	6.70171
152	6.57879	6.69808
153	6.57879	6.68683
154	6.57879	6.68853
155	6.47758	6.68231
156	6.26271	6.66875
157	6.26271	6.6634
158	6.26271	6.67779
159	6.26271	6.65847
160	6.26271	6.66553
161	6.26271	6.65219
162	6.26271	6.66256
163	6.26271	6.63637
164	6.26271	6.63867
165	6.26271	6.64329
166	6.26271	6.63384
167	6.26271	6.63044
168	6.26271	6.63754
169	6.26271	6.63673
170	6.26271	6.62978
171	6.26271	6.63019
172	6.26271	6.61183
173	6.26271	6.60018
174	6.26271	6.60858
175	6.26271	6.60298
176	6.26271	6.59446
177	6.26271	6.59359
178	6.18059	6.56536
179	6.18059	6.5801
180	6.18059	6.58434
181	6.10586	6.54305
182	6.18059	6.56898
183	6.18059	6.46894
184	6.18059	6.44232
185	6.15049	6.36818
186	6.15049	6.32057
187	6.15049	6.27426
188	6.18059	6.27125
189	6.18059	6.26955
190	5.94492	6.26218
191	5.94492	6.26178
192	5.94492	6.26433
193	5.94492	6.26354
194	5.94492	6.25722
195	5.94492	6.2544
196	5.94492	6.2581
197	5.93437	6.25437
198	5.93437	6.24992
199	5.93437	6.22386
200	5.87875	6.21145
201	5.94492	6.18102
202	5.86137	6.16209
203	5.94492	6.13585
204	5.94492	6.13644
205	5.94492	6.11836
206	5.94492	6.09988
207	5.94492	6.08372
208	5.89873	6.05606
209	5.89873	6.01618
210	5.86137	6.00327
211	5.86137	5.97154
212	5.86137	5.98166
213	5.86137	5.98266
214	5.86137	5.99068
215	5.86137	5.97778
216	5.86137	5.973
217	5.86137	5.95205
218	5.86137	5.95755
219	5.86137	5.94711
220	5.86137	5.95726
221	5.86137	5.96367
222	5.86137	5.98959
223	5.86137	5.9895
224	5.86137	5.99904
225	5.86137	6.01226
226	5.86137	6.02011
227	5.86137	6.02564
228	5.89873	6.04726
229	5.94492	6.05632
230	5.94492	6.04339
231	5.94492	6.02652
232	5.48753	6.00472
233	5.44134	5.98755
234	5.44134	5.95044
235	5.44134	5.91003
236	5.44134	5.84556
237	5.44134	5.78021
238	5.44134	5.64989
239	5.44134	5.5351
240	5.44134	5.47729
241	5.44134	5.47732
242	5.32406	5.47596
243	5.44134	5.47419
244	5.44134	5.4722
245	5.44134	5.47254
246	5.44134	5.47274
247	5.44134	5.47364
248	5.44134	5.47825
249	5.44134	5.47522
250	5.44134	5.4741
251	5.43418	5.47393
252	5.44134	5.47098
253	5.44134	5.47296
254	5.44134	5.47094
255	5.44134	5.47363
256	5.39715	5.46787
257	5.44134	5.4716
258	5.44134	5.47101
259	5.44134	5.47261
260	5.44134	5.47273
261	5.44134	5.4739
262	5.44134	5.47476
263	5.44134	5.47193
264	5.3873	5.47182
265	5.44134	5.46637
266	5.35606	5.46853
267	5.44134	5.46529
268	5.44134	5.46747
269	5.44134	5.46787
270	5.44134	5.46814
271	5.44134	5.46687
272	5.44134	5.46858
273	5.44134	5.46316
274	5.44134	5.46348
275	5.44134	5.46287
276	5.44134	5.45952
277	5.43045	5.45952
278	5.40917	5.46005
279	5.43565	5.45769
280	5.43565	5.46167
281	5.43565	5.46214
282	5.43565	5.46577
283	5.43565	5.46202
284	5.44134	5.46366
285	5.43565	5.46602
286	5.44134	5.46793
287	5.44134	5.46777
288	5.43565	5.46411
289	5.43565	5.46467
290	5.42261	5.46263
291	5.44134	5.46197
292	5.44134	5.46341
293	5.43565	5.46665
294	5.44134	5.465
295	5.41352	5.46349
296	5.39357	5.4617
297	5.40594	5.46314
298	5.44134	5.46108
299	5.43565	5.45935
300	5.43565	5.46126
301	5.43565	5.46147
302	5.44134	5.46066
303	5.44134	5.46033
304	5.44134	5.4572
305	5.43565	5.46109
306	5.43565	5.4605
307	5.44134	5.46127
308	5.44134	5.45998
309	5.44134	5.45978
310	5.44134	5.45956
311	5.21803	5.45758
312	5.21803	5.45966
313	5.44134	5.46621
314	5.44134	5.46692
315	5.42261	5.46519
316	5.4138	5.46745
317	5.4138	5.46525
318	5.4138	5.46143
319	5.41102	5.46194
320	5.42328	5.4625
321	5.43751	5.46406
322	5.43751	5.46468
323	5.42966	5.46895
324	5.42966	5.46678
325	5.43375	5.46316
326	5.43375	5.46346
327	5.43045	5.46383
328	5.43565	5.46118
329	5.43565	5.46294
330	5.41476	5.46168
331	5.41476	5.46048
332	5.41476	5.46132
333	5.41476	5.45972
334	5.39829	5.45678
335	5.39829	5.45065
336	5.38853	5.45539
337	5.38853	5.45017
338	5.38853	5.45142
339	5.38853	5.45189
340	5.36858	5.45004
341	5.37739	5.44993
342	5.37739	5.44733
343	5.38853	5.4479
344	5.38853	5.44611
345	5.35875	5.44601
346	5.35875	5.44532
347	5.35875	5.44259
348	5.35875	5.44362
349	5.35875	5.43721
350	5.35875	5.43777
351	5.35875	5.43477
352	5.35875	5.43699
353	5.35875	5.43802
354	5.35875	5.43405
355	5.35875	5.43632
356	5.35875	5.43982
357	5.35875	5.43614
358	5.35875	5.42725
359	5.35875	5.42835
360	5.35875	5.42678
361	5.35875	5.42853
362	5.35875	5.42731
363	5.35875	5.42606
364	5.35875	5.42442
365	5.35231	5.41516
366	5.35231	5.41427
367	5.35307	5.41536
368	5.34662	5.40858
369	5.34662	5.41322
370	5.35307	5.41931
371	5.35307	5.41762
372	5.25647	5.4188
373	5.32164	5.42146
374	5.35307	5.42303
375	5.35307	5.41968
376	5.34662	5.42381
377	5.34662	5.42217
378	5.34662	5.42136
379	5.35307	5.42028
380	5.34857	5.41948
381	5.33367	5.4105
382	5.33367	5.41611
383	5.32798	5.41045
384	5.32798	5.40796
385	5.33367	5.40972
386	5.35231	5.40857
387	5.19589	5.40954
388	5.33367	5.40932
389	5.34729	5.40687
390	5.33239	5.40967
391	5.33239	5.41091
392	5.33239	5.41479
393	5.33239	5.41122
394	5.35231	5.41169
395	5.35231	5.40854
396	5.33367	5.40655
397	5.35231	5.41347
398	5.35231	5.41609
399	5.33367	5.41001
400	5.3267	5.40436
401	5.3267	5.40109
402	5.32713	5.39968
403	5.34662	5.40169
404	5.32798	5.39989
405	5.30609	5.40281
406	5.28191	5.40425
407	5.29174	5.40624
408	5.21693	5.40391
409	5.1844	5.40051
410	5.1844	5.39109
411	5.1844	5.38429
412	5.10756	5.38889
413	5.14055	5.39087
414	5.11146	5.38801
415	5.11146	5.37254
416	5.10473	5.36123
417	5.11146	5.36299
418	5.16293	5.36523
419	5.15724	5.36286
420	5.11146	5.34231
421	5.09282	5.29608
422	5.09282	5.26746
423	5.03955	5.26023
424	5.06234	5.23032
425	5.06234	5.2204
426	5.05391	5.22822
427	5.0437	5.18903
428	5.0437	5.1485
429	5.06628	5.11108
430	5.06628	5.11406
431	5.04764	5.1073
432	5.06628	5.106
433	5.08609	5.10207
434	5.08609	5.10335
435	5.08609	5.1026
436	5.08609	5.10242
437	5.08609	5.09996
438	5.08609	5.10046
439	5.08609	5.1026
440	5.08609	5.09695
441	5.08609	5.09755
442	5.08609	5.09682
443	5.08609	5.09848
444	5.08609	5.09602
445	5.08609	5.09646
446	5.08609	5.09622
447	5.08609	5.09717
448	5.08609	5.09708
449	5.08609	5.09874
450	5.08609	5.09858
451	5.08609	5.09957
452	5.08609	5.0998
453	5.08609	5.10416
454	5.08609	5.10256
455	5.03672	5.10298
456	5.08609	5.10182
457	5.08609	5.10412
458	5.08609	5.10095
459	5.08609	5.10149
460	4.92451	5.09885
461	4.92451	5.09372
462	4.92451	5.09442
463	5.08609	5.09446
464	5.08609	5.09636
465	5.08609	5.09573
466	5.08609	5.09586
467	5.08609	5.09519
468	5.08609	5.0947
469	5.08609	5.09672
470	5.08609	5.09655
471	5.08609	5.09958
472	5.08609	5.09966
473	5.08609	5.10391
474	5.08609	5.10107
475	5.08609	5.10076
476	5.08609	5.09948
477	5.08609	5.09962
478	5.06128	5.09884
479	5.08609	5.09791
480	5.08609	5.09964
481	5.08609	5.09799
482	5.08609	5.09845
483	5.08609	5.09661
484	5.08609	5.09695
485	5.08609	5.09683
486	5.06628	5.09705
487	5.08609	5.09961
488	5.08609	5.10314
489	5.08609	5.10058
490	5.08609	5.10391
491	5.08609	5.10273
492	5.08609	5.10373
493	5.08609	5.10388
494	5.08609	5.10562
495	5.08609	5.10561
496	5.08609	5.10478
497	5.08609	5.10577
498	5.08609	5.10524
499	5.08609	5.10643
500	5.09282	5.10534
501	5.08609	5.10815
502	5.08609	5.10602
503	5.08609	5.10743
504	5.08609	5.10693
505	5.08609	5.10824
506	5.09282	5.10677
507	5.09282	5.10598
508	5.09282	5.10831
509	5.09282	5.10621
510	5.08609	5.10346
511	5.08609	5.10297
512	5.09229	5.10366
513	5.08443	5.10412
514	5.08443	5.10643
515	5.06023	5.10917
516	5.03672	5.10716
517	5.09282	5.11285
518	5.09282	5.11303
519	5.09282	5.11154
520	5.09282	5.10772
521	5.09282	5.10635
522	5.03375	5.10586
523	5.03375	5.10573
524	5.03375	5.10629
525	5.08892	5.10679
526	5.08892	5.10825
527	5.08846	5.11185
528	5.08846	5.11151
529	5.03375	5.10536
530	5.03375	5.10323
531	4.93807	5.10039
532	4.93807	5.09994
533	4.93807	5.09806
534	4.93807	5.09756
535	4.94104	5.10146
536	4.93807	5.09652
537	4.93416	5.09648
538	4.93416	5.09411
539	4.93807	5.08879
540	4.93807	5.07899
541	4.85895	5.05234
542	4.90587	5.03997
543	4.90587	5.02186
544	4.90587	4.99907
545	4.89845	4.95924
546	4.90587	4.95323
547	4.90587	4.94279
548	4.90587	4.93948
549	4.89845	4.93018
550	4.89845	4.92963
551	4.89845	4.92553
552	4.89845	4.92919
553	4.89845	4.92803
554	4.89845	4.92889
555	4.89845	4.92957
556	4.89845	4.93021
557	4.89845	4.93153
558	4.89845	4.93213
559	4.90587	4.9308
560	4.90488	4.93028
561	4.89845	4.92955
562	4.87269	4.92334
563	4.85405	4.92267
564	4.85405	4.92817
565	4.85405	4.93221
566	4.85405	4.92732
567	4.85405	4.92276
568	4.85405	4.92472
569	4.85405	4.92203
570	4.85405	4.92712
571	4.85405	4.92958
572	4.85405	4.9279
573	4.85405	4.93071
574	4.85405	4.92902
575	4.85405	4.92596
576	4.85405	4.92823
577	4.90197	4.92694
578	4.90197	4.92457
579	4.90197	4.92751
580	4.90197	4.92907
581	4.90197	4.92861
582	4.90197	4.92958
583	4.90197	4.92591
584	4.90197	4.92367
585	4.89628	4.92249
586	4.90197	4.92152
587	4.85405	4.9214
588	4.85405	4.92271
589	4.90197	4.92422
590	4.90197	4.9207
591	4.90197	4.91863
592	4.90197	4.91885
593	4.90197	4.91845
594	4.90197	4.91933
595	4.90197	4.9202
596	4.90197	4.92236
597	4.90197	4.92341
598	4.90197	4.92548
599	4.90197	4.92716
600	4.90197	4.92815
601	4.90197	4.92706
602	4.90197	4.92656
603	4.90019	4.92558
604	4.90019	4.92798
605	4.90019	4.92754
606	4.90019	4.92728
607	4.90019	4.92695
608	4.90019	4.92815
609	4.90019	4.9295
610	4.90019	4.93011
611	4.90019	4.92731
612	4.90019	4.92682
613	4.90019	4.9303
614	4.90019	4.93433
615	4.90019	4.93698
616	4.90019	4.93226
617	4.90019	4.93361
618	4.90019	4.92991
619	4.90019	4.93484
620	4.90019	4.93457
621	4.90019	4.93157
622	4.90019	4.92777
623	4.90019	4.93049
624	4.90019	4.92645
625	4.90019	4.9259
626	4.90019	4.92742
627	4.90019	4.9251
628	4.90019	4.92261
629	4.90019	4.92115
630	4.90019	4.91883
631	4.90019	4.9191
632	4.90019	4.91505
633	4.90019	4.91493
634	4.90019	4.91622
635	4.90019	4.91668
636	4.90019	4.91917
637	4.90019	4.9206
638	4.90019	4.92095
639	4.90019	4.9218
640	4.90019	4.92099
641	4.90019	4.92118
642	4.90019	4.92337
643	4.90019	4.92104
644	4.90019	4.92496
645	4.90019	4.92476
646	4.90019	4.92748
647	4.90019	4.92503
648	4.90019	4.92557
649	4.90019	4.92431
650	4.90019	4.9232
651	4.90019	4.9263
652	4.90019	4.92754
653	4.89748	4.92814
654	4.89748	4.92784
655	4.89748	4.92505
656	4.89748	4.92885
657	4.88962	4.92827
658	4.90019	4.92467
659	4.89179	4.92195
660	4.89179	4.92072
661	4.89179	4.92194
662	4.89748	4.92499
663	4.89748	4.91916
664	4.89748	4.91836
665	4.89748	4.91683
666	4.90019	4.91795
667	4.89748	4.91506
668	4.89179	4.9187
669	4.90019	4.91813
670	4.89748	4.91952
671	4.90019	4.92472
672	4.90019	4.92433
673	4.90019	4.92605
674	4.90019	4.92425
675	4.90019	4.92402
676	4.90019	4.92287
677	4.90019	4.92987
678	4.90019	4.93167
679	4.90019	4.92623
680	4.90019	4.92452
681	4.90019	4.92903
682	4.90019	4.92613
683	4.90019	4.9293
684	4.90019	4.9294
685	4.90019	4.93147
686	4.90019	4.93247
687	4.90019	4.92606
688	4.90019	4.91851
689	4.90019	4.91683
690	4.90019	4.91726
691	4.90019	4.91633
692	4.90019	4.91604
693	4.90019	4.91261
694	4.90019	4.91389
695	4.90019	4.91365
696	4.90019	4.91159
697	4.90019	4.91024
698	4.90019	4.91436
699	4.90019	4.9131
700	4.90019	4.91634
701	4.90019	4.92108
702	4.90019	4.91895
703	4.90019	4.92007
704	4.90019	4.91947
705	4.90019	4.91848
706	4.90019	4.91885
707	4.90019	4.92167
708	4.88962	4.92193
709	4.90019	4.92004
710	4.90019	4.92373
711	4.90019	4.92077
712	4.90019	4.91885
713	4.90019	4.92365
714	4.90019	4.92294
715	4.90019	4.92206
716	4.90019	4.92315
717	4.90019	4.92456
718	4.90019	4.92388
719	4.90019	4.92393
720	4.90019	4.92392
721	4.90019	4.91976
722	4.90019	4.92091
723	4.90019	4.9155
724	4.90019	4.91377
725	4.90019	4.91241
726	4.90019	4.90904
727	4.90019	4.90553
728	4.90019	4.90631
729	4.90019	4.90691
730	4.90019	4.90723
731	4.90019	4.90965
732	4.90019	4.90772
733	4.90019	4.90977
734	4.90019	4.90712
735	4.90019	4.91222
736	4.90019	4.91516
737	4.90019	4.91469
738	4.90019	4.91502
739	4.90019	4.91406
740	4.90019	4.91234
741	4.90019	4.90829
742	4.90019	4.90904
743	4.90019	4.9116
744	4.90019	4.91447
745	4.90019	4.91914
746	4.90019	4.91871
747	4.90019	4.91782
748	4.90019	4.91981
749	4.90019	4.9142
750	4.90019	4.91684
751	4.90019	4.91706
752	4.90019	4.92021
753	4.90019	4.92336
754	4.90019	4.92328
755	4.90019	4.92444
756	4.90019	4.92654
757	4.90019	4.9282
758	4.90019	4.92695
759	4.90019	4.92534
760	4.90019	4.92459
761	4.90019	4.92292
762	4.90019	4.92626
763	4.90019	4.92362
764	4.90019	4.92525
765	4.90019	4.92328
766	4.90019	4.92503
767	4.90019	4.92257
768	4.90019	4.92626
769	4.90019	4.92227
770	4.90019	4.92241
771	4.90019	4.9205
772	4.90019	4.91911
773	4.90019	4.91801
774	4.90019	4.92289
775	4.90019	4.91856
776	4.89845	4.91736
777	4.90019	4.91686
778	4.90019	4.91906
779	4.90019	4.92231
780	4.90019	4.92045
781	4.90019	4.92169
782	4.90019	4.9203
783	4.90019	4.92063
784	4.90019	4.92413
785	4.90019	4.92585
786	4.90019	4.92887
787	4.90019	4.92795
788	4.90019	4.92358
789	4.90019	4.92326
790	4.90019	4.92023
791	4.90019	4.92357
792	4.90019	4.92368
793	4.90019	4.92231
794	4.90019	4.92009
795	4.89903	4.91859
796	4.90019	4.92001
797	4.90019	4.92126
798	4.89903	4.92111
799	4.90019	4.91944
800	4.90019	4.91947
801	4.89845	4.91785
802	4.89845	4.91732
803	4.90019	4.91513
804	4.89903	4.91243
805	4.89276	4.91016
806	4.89276	4.91054
807	4.89276	4.91268
808	4.89276	4.91173
809	4.89276	4.91012
810	4.89276	4.90767
811	4.89276	4.90735
812	4.89276	4.90683
813	4.89276	4.90877
814	4.89276	4.90879
815	4.89276	4.91029
816	4.89276	4.9087
817	4.89276	4.91041
818	4.89276	4.90641
819	4.89276	4.90634
820	4.89845	4.90796
821	4.89628	4.90678
822	4.89276	4.90837
823	4.89276	4.90713
824	4.89276	4.9075
825	4.89276	4.90855
826	4.89276	4.90637
827	4.89276	4.90444
828	4.89276	4.90722
829	4.89276	4.90633
830	4.89276	4.90896
831	4.89276	4.90845
832	4.89276	4.91244
833	4.89845	4.91355
834	4.89276	4.91781
835	4.89276	4.92406
836	4.89845	4.92129
837	4.89276	4.91825
838	4.90019	4.91998
839	4.90019	4.91633
840	4.89845	4.91439
841	4.89845	4.91783
842	4.90019	4.91991
843	4.90019	4.91612
844	4.90019	4.91606
845	4.90019	4.91483
846	4.90019	4.91802
847	4.90019	4.9182
848	4.90019	4.92128
849	4.90019	4.92217
850	4.90019	4.92275
851	4.90019	4.92179
852	4.90019	4.92655
853	4.90019	4.92469
854	4.90019	4.92552
855	4.90019	4.92673
856	4.90019	4.92955
857	4.90019	4.92867
858	4.90019	4.92667
859	4.90019	4.92494
860	4.90019	4.92607
861	4.90019	4.92765
862	4.90019	4.92332
863	4.87302	4.92785
864	4.85307	4.92566
865	4.86544	4.92557
866	4.8468	4.92634
867	4.8468	4.92778
868	4.8468	4.9286
869	4.8468	4.92649
870	4.8468	4.92179
871	4.8468	4.91832
872	4.8468	4.91004
873	4.8468	4.91097
874	4.8468	4.91317
875	4.8468	4.91668
876	4.8468	4.9164
877	4.8468	4.91671
878	4.85307	4.91704
879	4.8468	4.9188
880	4.8468	4.92037
881	4.85307	4.9203
882	4.8468	4.91587
883	4.89541	4.91841
884	4.89541	4.91817
885	4.8468	4.92293
886	4.8468	4.92188
887	4.90019	4.92326
888	4.90019	4.9239
889	4.90019	4.92374
890	4.84837	4.91994
891	4.84837	4.92232
892	4.84837	4.91916
893	4.84837	4.92006
894	4.8468	4.91582
895	4.86032	4.9182
896	4.85463	4.91659
897	4.85463	4.91692
898	4.88705	4.91788
899	4.88705	4.91716
900	4.89179	4.92011
901	4.89179	4.91849
902	4.90019	4.9186
903	4.89179	4.9207
904	4.90019	4.91758
905	4.90019	4.91714
906	4.89628	4.91722
907	4.89179	4.91663
908	4.89179	4.91648
909	4.89179	4.92177
910	4.89179	4.9263
911	4.89179	4.92081
912	4.89179	4.92017
913	4.90019	4.91712
914	4.90019	4.91911
915	4.90019	4.9194
916	4.90019	4.9162
917	4.90019	4.91986
918	4.90019	4.91798
919	4.90019	4.92121
920	4.90019	4.92141
921	4.90019	4.92253
922	4.90019	4.921
923	4.90019	4.91918
924	4.90019	4.91714
925	4.90019	4.91702
926	4.90019	4.91863
927	4.90019	4.91851
928	4.90019	4.92145
929	4.90019	4.92136
930	4.87302	4.92309
931	4.87302	4.92416
932	4.90019	4.92482
933	4.90019	4.92444
934	4.90019	4.92257
935	4.90019	4.92403
936	4.90019	4.92571
937	4.90019	4.92368
938	4.90019	4.92692
939	4.90019	4.92999
940	4.90019	4.92796
941	4.90019	4.92777
942	4.90019	4.92906
943	4.90019	4.92783
944	4.90019	4.92803
945	4.90019	4.92947
946	4.90019	4.93034
947	4.90019	4.93095
948	4.90019	4.92675
949	4.90019	4.92724
950	4.90019	4.92446
951	4.90019	4.9228
952	4.90019	4.92424
953	4.90019	4.92501
954	4.90019	4.92796
955	4.90019	4.92926
956	4.90019	4.92567
957	4.90019	4.92424
958	4.90019	4.92418
959	4.90019	4.92324
960	4.90019	4.92652
961	4.90019	4.92958
962	4.90019	4.92805
963	4.90019	4.92297
964	4.90019	4.91983
965	4.90019	4.91824
966	4.90019	4.92107
967	4.90019	4.92334
968	4.90019	4.92454
969	4.90019	4.92407
970	4.90019	4.92312
971	4.90019	4.92405
972	4.90019	4.92741
973	4.90019	4.9244
974	4.90019	4.92371
975	4.90019	4.92345
976	4.90019	4.9205
977	4.90019	4.92536
978	4.90019	4.92803
979	4.90019	4.93034
980	4.90019	4.923
981	4.90019	4.92468
982	4.89386	4.92384
983	4.89386	4.92263
984	4.89386	4.92048
985	4.89386	4.92266
986	4.86765	4.924
987	4.86765	4.92156
988	4.89386	4.92199
989	4.89386	4.92138
990	4.90019	4.92056
991	4.90019	4.92209
992	4.90019	4.9249
993	4.90019	4.92575
994	4.90019	4.92605
995	4.90019	4.92233
996	4.90019	4.92669
997	4.90019	4.92549
998	4.90019	4.92712
999	4.90019	4.9286
1000	4.90019	4.93122
